TN:
SF:app.js
FN:26,(anonymous_0)
FN:27,(anonymous_1)
FN:30,(anonymous_2)
FN:31,(anonymous_3)
FN:32,(anonymous_4)
FN:35,(anonymous_5)
FN:36,(anonymous_6)
FN:40,getMainCardDefaultCollapsed
FN:45,setMainCardCollapsed
FN:55,initMainCardCollapse
FN:58,(anonymous_10)
FN:66,(anonymous_11)
FN:68,applyDefaultCollapsedState
FN:70,(anonymous_13)
FN:75,(anonymous_14)
FN:76,(anonymous_15)
FN:84,(anonymous_16)
FN:87,(anonymous_17)
FN:93,(anonymous_18)
FN:98,(anonymous_19)
FN:101,(anonymous_20)
FN:104,getState
FN:108,dispatch
FN:113,touchActivity
FN:117,renderAll
FN:151,loadDemoData
FN:168,setInitialValues
FN:220,initHandlers
FN:267,(anonymous_28)
FN:298,bootstrap
FN:308,shutdown
FNF:31
FNH:20
FNDA:0,(anonymous_0)
FNDA:0,(anonymous_1)
FNDA:0,(anonymous_2)
FNDA:0,(anonymous_3)
FNDA:0,(anonymous_4)
FNDA:0,(anonymous_5)
FNDA:0,(anonymous_6)
FNDA:38,getMainCardDefaultCollapsed
FNDA:267,setMainCardCollapsed
FNDA:36,initMainCardCollapse
FNDA:252,(anonymous_10)
FNDA:0,(anonymous_11)
FNDA:38,applyDefaultCollapsedState
FNDA:266,(anonymous_13)
FNDA:252,(anonymous_14)
FNDA:1,(anonymous_15)
FNDA:0,(anonymous_16)
FNDA:2,(anonymous_17)
FNDA:36,(anonymous_18)
FNDA:0,(anonymous_19)
FNDA:0,(anonymous_20)
FNDA:1819,getState
FNDA:202,dispatch
FNDA:79,touchActivity
FNDA:121,renderAll
FNDA:1,loadDemoData
FNDA:37,setInitialValues
FNDA:36,initHandlers
FNDA:37,(anonymous_28)
FNDA:36,bootstrap
FNDA:35,shutdown
DA:22,35
DA:23,35
DA:24,35
DA:25,35
DA:29,35
DA:34,35
DA:38,35
DA:41,38
DA:42,38
DA:46,267
DA:47,267
DA:48,267
DA:49,267
DA:50,267
DA:56,36
DA:57,36
DA:59,252
DA:60,252
DA:61,252
DA:62,252
DA:66,36
DA:69,38
DA:70,38
DA:71,266
DA:75,36
DA:76,252
DA:77,1
DA:78,1
DA:82,36
DA:84,36
DA:86,36
DA:87,36
DA:88,2
DA:91,36
DA:92,36
DA:93,36
DA:96,0
DA:97,0
DA:98,0
DA:101,0
DA:105,1819
DA:109,202
DA:110,202
DA:114,79
DA:118,121
DA:119,121
DA:122,121
DA:124,121
DA:125,121
DA:130,121
DA:134,121
DA:140,121
DA:141,121
DA:145,121
DA:146,121
DA:147,121
DA:148,121
DA:152,1
DA:153,1
DA:162,1
DA:163,1
DA:164,1
DA:165,1
DA:169,37
DA:170,37
DA:172,37
DA:173,37
DA:174,35
DA:177,37
DA:178,37
DA:179,37
DA:180,35
DA:183,37
DA:184,37
DA:185,37
DA:186,1
DA:189,37
DA:190,37
DA:191,37
DA:192,0
DA:195,37
DA:198,37
DA:199,37
DA:202,37
DA:203,37
DA:205,37
DA:206,37
DA:207,37
DA:208,1
DA:209,36
DA:210,1
DA:211,35
DA:212,34
DA:216,1
DA:221,36
DA:223,35
DA:247,35
DA:252,35
DA:258,35
DA:263,35
DA:266,35
DA:267,37
DA:270,35
DA:275,35
DA:283,35
DA:289,35
DA:294,35
DA:299,36
DA:300,36
DA:301,36
DA:302,36
DA:303,36
DA:304,36
DA:305,36
DA:309,35
DA:310,35
DA:311,35
DA:312,35
DA:313,35
LF:119
LH:114
BRDA:41,0,0,0
BRDA:41,0,1,38
BRDA:48,1,0,15
BRDA:48,1,1,252
BRDA:49,2,0,15
BRDA:49,2,1,252
BRDA:50,3,0,15
BRDA:50,3,1,252
BRDA:61,4,0,0
BRDA:61,4,1,252
BRDA:66,5,0,0
BRDA:66,5,1,36
BRDA:84,6,0,0
BRDA:84,6,1,36
BRDA:91,7,0,36
BRDA:91,7,1,0
BRDA:96,8,0,0
BRDA:96,8,1,0
BRDA:118,9,0,121
BRDA:118,9,1,1
BRDA:173,10,0,35
BRDA:173,10,1,2
BRDA:179,11,0,35
BRDA:179,11,1,2
BRDA:179,12,0,37
BRDA:179,12,1,37
BRDA:185,13,0,1
BRDA:185,13,1,36
BRDA:191,14,0,0
BRDA:191,14,1,37
BRDA:198,15,0,37
BRDA:198,15,1,0
BRDA:207,16,0,1
BRDA:207,16,1,36
BRDA:209,17,0,1
BRDA:209,17,1,35
BRDA:209,18,0,36
BRDA:209,18,1,1
BRDA:211,19,0,34
BRDA:211,19,1,1
BRDA:221,20,0,1
BRDA:221,20,1,35
BRF:42
BRH:33
end_of_record
TN:
SF:modules\app-reducer.js
FN:1,appReducer
FN:16,(anonymous_1)
FN:23,(anonymous_2)
FN:35,(anonymous_3)
FN:39,(anonymous_4)
FN:51,(anonymous_5)
FN:55,(anonymous_6)
FN:67,(anonymous_7)
FN:72,(anonymous_8)
FN:81,(anonymous_9)
FN:86,(anonymous_10)
FN:101,(anonymous_11)
FN:106,(anonymous_12)
FN:115,(anonymous_13)
FN:122,(anonymous_14)
FN:134,(anonymous_15)
FN:142,(anonymous_16)
FN:153,(anonymous_17)
FN:233,(anonymous_18)
FNF:19
FNH:19
FNDA:235,appReducer
FNDA:3,(anonymous_1)
FNDA:15,(anonymous_2)
FNDA:4,(anonymous_3)
FNDA:3,(anonymous_4)
FNDA:3,(anonymous_5)
FNDA:2,(anonymous_6)
FNDA:3,(anonymous_7)
FNDA:2,(anonymous_8)
FNDA:2,(anonymous_9)
FNDA:2,(anonymous_10)
FNDA:2,(anonymous_11)
FNDA:4,(anonymous_12)
FNDA:3,(anonymous_13)
FNDA:3,(anonymous_14)
FNDA:2,(anonymous_15)
FNDA:3,(anonymous_16)
FNDA:4,(anonymous_17)
FNDA:1,(anonymous_18)
DA:2,235
DA:4,80
DA:12,23
DA:14,2
DA:17,3
DA:21,14
DA:24,15
DA:33,3
DA:36,4
DA:40,3
DA:49,2
DA:52,3
DA:56,2
DA:65,2
DA:68,3
DA:72,2
DA:79,1
DA:81,2
DA:84,1
DA:87,2
DA:97,18
DA:99,1
DA:101,2
DA:104,4
DA:107,4
DA:111,13
DA:113,2
DA:116,3
DA:120,2
DA:122,3
DA:132,1
DA:135,2
DA:139,1
DA:142,3
DA:146,3
DA:151,2
DA:154,4
DA:158,4
DA:172,5
DA:180,3
DA:189,36
DA:197,4
DA:205,1
DA:213,1
DA:221,2
DA:229,1
DA:233,1
DA:239,2
DA:241,1
LF:49
LH:49
BRDA:2,0,0,80
BRDA:2,0,1,23
BRDA:2,0,2,2
BRDA:2,0,3,14
BRDA:2,0,4,3
BRDA:2,0,5,2
BRDA:2,0,6,2
BRDA:2,0,7,1
BRDA:2,0,8,1
BRDA:2,0,9,18
BRDA:2,0,10,1
BRDA:2,0,11,4
BRDA:2,0,12,13
BRDA:2,0,13,2
BRDA:2,0,14,2
BRDA:2,0,15,1
BRDA:2,0,16,1
BRDA:2,0,17,3
BRDA:2,0,18,2
BRDA:2,0,19,4
BRDA:2,0,20,5
BRDA:2,0,21,3
BRDA:2,0,22,36
BRDA:2,0,23,4
BRDA:2,0,24,1
BRDA:2,0,25,1
BRDA:2,0,26,2
BRDA:2,0,27,1
BRDA:2,0,28,2
BRDA:2,0,29,1
BRDA:17,1,0,2
BRDA:17,1,1,1
BRDA:24,2,0,14
BRDA:24,2,1,1
BRDA:27,3,0,14
BRDA:27,3,1,14
BRDA:36,4,0,3
BRDA:36,4,1,1
BRDA:39,5,0,3
BRDA:39,5,1,0
BRDA:40,6,0,3
BRDA:40,6,1,0
BRDA:52,7,0,2
BRDA:52,7,1,1
BRDA:55,8,0,2
BRDA:55,8,1,0
BRDA:56,9,0,2
BRDA:56,9,1,0
BRDA:68,10,0,2
BRDA:68,10,1,1
BRDA:71,11,0,2
BRDA:71,11,1,0
BRDA:87,12,0,1
BRDA:87,12,1,1
BRDA:107,13,0,3
BRDA:107,13,1,1
BRDA:116,14,0,2
BRDA:116,14,1,1
BRDA:124,15,0,1
BRDA:124,15,1,1
BRDA:135,16,0,1
BRDA:135,16,1,1
BRDA:154,17,0,2
BRDA:154,17,1,2
BRDA:163,18,0,4
BRDA:163,18,1,0
BRDA:168,19,0,0
BRDA:168,19,1,0
BRF:68
BRH:60
end_of_record
TN:
SF:modules\app-utils.js
FN:1,uid
FNF:1
FNH:1
FNDA:102,uid
DA:2,102
LF:1
LH:1
BRDA:2,0,0,102
BRDA:2,0,1,0
BRDA:2,1,0,102
BRDA:2,1,1,102
BRF:4
BRH:3
end_of_record
TN:
SF:modules\calendar-manager.js
FN:14,createCalendarManager
FN:15,getCalendarMonth
FN:20,setCalendarMonth
FN:24,getCalendarEvents
FN:27,(anonymous_4)
FN:43,(anonymous_5)
FN:51,(anonymous_6)
FN:59,(anonymous_7)
FN:67,(anonymous_8)
FN:73,renderViewState
FN:109,renderCalendarLegend
FN:113,(anonymous_11)
FN:128,renderCalendar
FN:144,(anonymous_13)
FN:151,(anonymous_14)
FN:174,(anonymous_15)
FNF:16
FNH:16
FNDA:39,createCalendarManager
FNDA:124,getCalendarMonth
FNDA:1,setCalendarMonth
FNDA:122,getCalendarEvents
FNDA:31,(anonymous_4)
FNDA:46,(anonymous_5)
FNDA:9,(anonymous_6)
FNDA:1,(anonymous_7)
FNDA:68,(anonymous_8)
FNDA:125,renderViewState
FNDA:122,renderCalendarLegend
FNDA:488,(anonymous_11)
FNDA:124,renderCalendar
FNDA:87,(anonymous_13)
FNDA:854,(anonymous_14)
FNDA:82,(anonymous_15)
DA:5,36
DA:12,36
DA:16,124
DA:17,124
DA:21,1
DA:25,122
DA:27,122
DA:28,31
DA:29,31
DA:30,31
DA:31,31
DA:32,31
DA:34,31
DA:43,122
DA:51,122
DA:59,122
DA:67,122
DA:68,68
DA:69,24
DA:74,125
DA:75,125
DA:76,125
DA:77,125
DA:78,125
DA:79,125
DA:80,125
DA:82,125
DA:85,125
DA:86,125
DA:88,125
DA:89,125
DA:91,125
DA:92,125
DA:95,125
DA:96,125
DA:97,125
DA:99,125
DA:100,125
DA:101,125
DA:103,125
DA:104,125
DA:105,125
DA:110,122
DA:111,122
DA:113,122
DA:114,488
DA:115,488
DA:117,488
DA:118,488
DA:120,488
DA:121,488
DA:123,488
DA:124,488
DA:129,124
DA:130,124
DA:131,124
DA:133,122
DA:134,122
DA:135,122
DA:136,122
DA:137,122
DA:138,122
DA:139,124
DA:141,124
DA:143,124
DA:144,124
DA:145,87
DA:146,87
DA:149,124
DA:150,124
DA:151,124
DA:152,854
DA:153,854
DA:154,854
DA:155,854
DA:158,124
DA:159,124
DA:160,124
DA:161,5124
DA:162,5124
DA:163,5124
DA:165,5124
DA:166,5124
DA:168,5124
DA:169,5124
DA:170,5124
DA:171,5124
DA:173,5124
DA:174,5124
DA:175,82
DA:176,82
DA:177,82
DA:178,82
DA:179,82
DA:180,82
DA:183,5124
DA:186,5124
DA:187,5124
DA:188,5124
DA:191,39
LF:100
LH:100
BRDA:17,0,0,124
BRDA:17,0,1,1
BRDA:29,1,0,31
BRDA:29,1,1,4
BRDA:29,1,2,3
BRDA:29,1,3,0
BRDA:31,2,0,28
BRDA:31,2,1,3
BRDA:32,3,0,28
BRDA:32,3,1,3
BRDA:32,4,0,31
BRDA:32,4,1,31
BRDA:48,5,0,46
BRDA:48,5,1,38
BRDA:56,6,0,9
BRDA:56,6,1,1
BRDA:63,7,0,1
BRDA:63,7,1,0
BRDA:64,8,0,1
BRDA:64,8,1,0
BRDA:68,9,0,44
BRDA:68,9,1,24
BRDA:82,10,0,124
BRDA:82,10,1,1
BRDA:85,11,0,125
BRDA:85,11,1,0
BRDA:88,12,0,125
BRDA:88,12,1,0
BRDA:91,13,0,125
BRDA:91,13,1,0
BRDA:95,14,0,125
BRDA:95,14,1,0
BRDA:99,15,0,125
BRDA:99,15,1,0
BRDA:103,16,0,125
BRDA:103,16,1,0
BRDA:131,17,0,2
BRDA:131,17,1,122
BRDA:131,18,0,124
BRDA:131,18,1,123
BRDA:138,19,0,122
BRDA:138,19,1,0
BRDA:145,20,0,54
BRDA:145,20,1,33
BRDA:163,21,0,5124
BRDA:163,21,1,4392
BRDA:166,22,0,3782
BRDA:166,22,1,1342
BRDA:173,23,0,5124
BRDA:173,23,1,5073
BRDA:176,24,0,82
BRDA:176,24,1,0
BRDA:178,25,0,82
BRDA:178,25,1,38
BRF:54
BRH:43
end_of_record
TN:
SF:modules\date-utils.js
FN:1,dateOnly
FN:5,isoWeekParts
FN:18,mondayOfIsoWeek
FN:25,parseWeekValue
FN:36,weekValueFromDate
FN:44,weekDateFromValue
FN:49,weekOverlapsMonth
FN:62,formatCalendarWeek
FN:69,formatDate
FN:74,monthOf
FN:80,nowIso
FN:84,addDays
FN:90,formatYmd
FN:98,isWithinNextSixMonths
FNF:14
FNH:13
FNDA:134,dateOnly
FNDA:4,isoWeekParts
FNDA:66,mondayOfIsoWeek
FNDA:66,parseWeekValue
FNDA:6,weekValueFromDate
FNDA:19,weekDateFromValue
FNDA:47,weekOverlapsMonth
FNDA:95,formatCalendarWeek
FNDA:160,formatDate
FNDA:135,monthOf
FNDA:212,nowIso
FNDA:5306,addDays
FNDA:5206,formatYmd
FNDA:0,isWithinNextSixMonths
DA:2,134
DA:6,4
DA:7,4
DA:8,4
DA:9,4
DA:10,4
DA:12,4
DA:19,66
DA:20,66
DA:21,66
DA:22,66
DA:26,66
DA:27,66
DA:29,66
DA:30,66
DA:31,66
DA:33,66
DA:37,6
DA:38,6
DA:40,4
DA:41,4
DA:45,19
DA:46,19
DA:50,47
DA:51,47
DA:53,47
DA:54,55
DA:55,46
DA:59,1
DA:63,95
DA:64,95
DA:65,95
DA:66,93
DA:70,160
DA:71,160
DA:75,135
DA:76,135
DA:77,135
DA:81,212
DA:85,5306
DA:86,5306
DA:87,5306
DA:91,5206
DA:92,5206
DA:93,5206
DA:94,5206
DA:95,5206
DA:99,0
DA:100,0
DA:101,0
DA:102,0
DA:103,0
DA:104,0
LF:53
LH:47
BRDA:7,0,0,4
BRDA:7,0,1,2
BRDA:20,1,0,66
BRDA:20,1,1,66
BRDA:26,2,0,66
BRDA:26,2,1,0
BRDA:27,3,0,0
BRDA:27,3,1,66
BRDA:31,4,0,0
BRDA:31,4,1,66
BRDA:31,5,0,66
BRDA:31,5,1,66
BRDA:38,6,0,2
BRDA:38,6,1,4
BRDA:46,7,0,19
BRDA:46,7,1,0
BRDA:51,8,0,0
BRDA:51,8,1,47
BRDA:54,9,0,46
BRDA:54,9,1,9
BRDA:63,10,0,93
BRDA:63,10,1,2
BRDA:63,11,0,95
BRDA:63,11,1,0
BRDA:65,12,0,2
BRDA:65,12,1,93
BRDA:104,13,0,0
BRDA:104,13,1,0
BRF:28
BRH:20
end_of_record
TN:
SF:modules\demo-data.js
FN:4,buildDemoState
FNF:1
FNH:1
FNDA:2,buildDemoState
DA:5,2
DA:6,2
DA:7,2
DA:8,2
DA:9,2
DA:10,2
DA:11,2
DA:12,2
DA:13,2
DA:14,2
DA:15,2
DA:17,2
DA:18,2
DA:19,2
DA:20,2
DA:21,2
DA:22,2
DA:24,2
LF:18
LH:18
BRF:0
BRH:0
end_of_record
TN:
SF:modules\detail-plan-utils.js
FN:1,getGoalById
FN:3,(anonymous_1)
FN:6,getRoughPlanById
FN:8,(anonymous_3)
FN:11,getMilestoneById
FN:13,(anonymous_5)
FN:16,resolveDetailPlanContext
FNF:7
FNH:7
FNDA:143,getGoalById
FNDA:133,(anonymous_1)
FNDA:143,getRoughPlanById
FNDA:133,(anonymous_3)
FNDA:143,getMilestoneById
FNDA:130,(anonymous_5)
FNDA:143,resolveDetailPlanContext
DA:2,143
DA:3,133
DA:7,143
DA:8,133
DA:12,143
DA:13,130
DA:17,143
DA:18,143
DA:19,143
DA:21,143
LF:10
LH:10
BRDA:2,0,0,13
BRDA:2,0,1,130
BRDA:2,1,0,143
BRDA:2,1,1,130
BRDA:3,2,0,130
BRDA:3,2,1,0
BRDA:7,3,0,13
BRDA:7,3,1,130
BRDA:7,4,0,143
BRDA:7,4,1,130
BRDA:8,5,0,130
BRDA:8,5,1,0
BRDA:12,6,0,17
BRDA:12,6,1,126
BRDA:12,7,0,143
BRDA:12,7,1,130
BRDA:12,7,2,126
BRDA:13,8,0,126
BRDA:13,8,1,0
BRDA:18,9,0,143
BRDA:18,9,1,13
BRF:21
BRH:18
end_of_record
TN:
SF:modules\dom.js
FN:1,byId
FNF:1
FNH:1
FNDA:6024,byId
DA:2,6024
LF:1
LH:1
BRF:0
BRH:0
end_of_record
TN:
SF:modules\form-handlers.js
FN:5,initFormHandlers
FN:28,resetGoalForm
FN:37,populateGoalDropdown
FN:41,(anonymous_3)
FN:44,(anonymous_4)
FN:47,(anonymous_5)
FN:48,(anonymous_6)
FN:56,resetRoughForm
FN:74,startRoughEdit
FN:93,startGoalEdit
FN:103,resetTrackedForm
FN:119,startTrackedEdit
FN:141,(anonymous_12)
FN:181,(anonymous_13)
FN:215,(anonymous_14)
FN:237,(anonymous_15)
FN:239,(anonymous_16)
FN:245,(anonymous_17)
FN:252,(anonymous_18)
FN:261,(anonymous_19)
FN:264,(anonymous_20)
FN:293,(anonymous_21)
FN:304,(anonymous_22)
FN:309,applyThemeModeSelection
FN:319,(anonymous_24)
FN:324,(anonymous_25)
FN:325,(anonymous_26)
FN:331,(anonymous_27)
FN:344,(anonymous_28)
FN:348,(anonymous_29)
FN:359,(anonymous_30)
FN:363,(anonymous_31)
FNF:32
FNH:31
FNDA:40,initFormHandlers
FNDA:69,resetGoalForm
FNDA:121,populateGoalDropdown
FNDA:81,(anonymous_3)
FNDA:57,(anonymous_4)
FNDA:1,(anonymous_5)
FNDA:80,(anonymous_6)
FNDA:62,resetRoughForm
FNDA:2,startRoughEdit
FNDA:2,startGoalEdit
FNDA:48,resetTrackedForm
FNDA:1,startTrackedEdit
FNDA:26,(anonymous_12)
FNDA:19,(anonymous_13)
FNDA:1,(anonymous_14)
FNDA:120,(anonymous_15)
FNDA:5,(anonymous_16)
FNDA:1,(anonymous_17)
FNDA:1,(anonymous_18)
FNDA:2,(anonymous_19)
FNDA:5,(anonymous_20)
FNDA:2,(anonymous_21)
FNDA:2,(anonymous_22)
FNDA:1,applyThemeModeSelection
FNDA:0,(anonymous_24)
FNDA:120,(anonymous_25)
FNDA:1,(anonymous_26)
FNDA:2,(anonymous_27)
FNDA:1,(anonymous_28)
FNDA:2,(anonymous_29)
FNDA:1,(anonymous_30)
FNDA:2,(anonymous_31)
DA:29,69
DA:30,69
DA:31,69
DA:32,69
DA:33,69
DA:34,69
DA:38,121
DA:39,121
DA:41,121
DA:42,121
DA:44,121
DA:46,121
DA:47,1
DA:49,80
DA:50,80
DA:51,80
DA:52,80
DA:57,62
DA:58,62
DA:59,62
DA:60,62
DA:61,62
DA:62,62
DA:63,62
DA:65,62
DA:66,62
DA:67,62
DA:68,62
DA:69,62
DA:70,62
DA:71,62
DA:75,2
DA:76,2
DA:77,2
DA:78,2
DA:79,2
DA:80,2
DA:81,2
DA:83,2
DA:84,2
DA:85,2
DA:86,2
DA:87,2
DA:88,2
DA:89,2
DA:90,2
DA:94,2
DA:95,2
DA:96,2
DA:97,2
DA:98,2
DA:99,2
DA:100,2
DA:104,48
DA:105,48
DA:106,48
DA:107,48
DA:108,48
DA:109,48
DA:111,48
DA:112,48
DA:113,48
DA:114,48
DA:115,48
DA:116,48
DA:120,1
DA:121,1
DA:122,1
DA:123,1
DA:124,1
DA:125,1
DA:126,1
DA:128,1
DA:129,1
DA:130,1
DA:131,1
DA:132,1
DA:133,1
DA:134,1
DA:135,1
DA:138,40
DA:139,40
DA:141,40
DA:142,26
DA:143,26
DA:144,26
DA:145,26
DA:146,26
DA:147,26
DA:149,25
DA:150,2
DA:157,23
DA:172,25
DA:173,25
DA:174,25
DA:177,40
DA:179,40
DA:181,40
DA:182,19
DA:183,19
DA:184,19
DA:185,19
DA:186,19
DA:187,19
DA:188,19
DA:189,19
DA:191,19
DA:192,1
DA:200,18
DA:206,19
DA:207,19
DA:208,19
DA:211,40
DA:213,40
DA:214,40
DA:215,5
DA:216,1
DA:217,1
DA:218,1
DA:219,1
DA:220,1
DA:221,1
DA:223,1
DA:229,1
DA:230,1
DA:231,1
DA:235,40
DA:237,40
DA:238,120
DA:239,120
DA:240,5
DA:241,5
DA:245,40
DA:246,1
DA:247,1
DA:248,1
DA:249,1
DA:252,40
DA:253,1
DA:254,1
DA:255,1
DA:256,1
DA:259,40
DA:260,40
DA:261,40
DA:262,2
DA:264,40
DA:265,5
DA:266,5
DA:267,5
DA:268,5
DA:269,5
DA:270,5
DA:272,5
DA:287,5
DA:288,5
DA:291,40
DA:293,40
DA:294,2
DA:295,2
DA:296,2
DA:297,1
DA:298,1
DA:302,40
DA:304,40
DA:305,2
DA:306,2
DA:310,1
DA:314,1
DA:317,40
DA:318,40
DA:319,0
DA:320,0
DA:324,40
DA:325,120
DA:326,1
DA:327,1
DA:331,40
DA:332,2
DA:333,2
DA:334,2
DA:335,2
DA:337,1
DA:338,1
DA:341,1
DA:344,40
DA:345,1
DA:348,40
DA:349,2
DA:350,2
DA:351,2
DA:352,2
DA:354,1
DA:355,1
DA:356,1
DA:359,40
DA:360,1
DA:363,40
DA:364,2
DA:365,2
DA:366,1
DA:367,1
DA:368,1
DA:369,1
DA:370,1
DA:371,1
DA:374,40
LF:207
LH:205
BRDA:39,0,0,0
BRDA:39,0,1,121
BRDA:65,1,0,62
BRDA:65,1,1,0
BRDA:66,2,0,62
BRDA:66,2,1,0
BRDA:67,3,0,62
BRDA:67,3,1,0
BRDA:68,4,0,62
BRDA:68,4,1,0
BRDA:69,5,0,62
BRDA:69,5,1,0
BRDA:70,6,0,62
BRDA:70,6,1,0
BRDA:71,7,0,62
BRDA:71,7,1,0
BRDA:83,8,0,2
BRDA:83,8,1,0
BRDA:84,9,0,2
BRDA:84,9,1,0
BRDA:84,10,0,2
BRDA:84,10,1,0
BRDA:85,11,0,2
BRDA:85,11,1,0
BRDA:86,12,0,2
BRDA:86,12,1,0
BRDA:86,13,0,2
BRDA:86,13,1,1
BRDA:87,14,0,2
BRDA:87,14,1,0
BRDA:87,15,0,2
BRDA:87,15,1,2
BRDA:88,16,0,2
BRDA:88,16,1,0
BRDA:89,17,0,2
BRDA:89,17,1,0
BRDA:90,18,0,2
BRDA:90,18,1,0
BRDA:97,19,0,2
BRDA:97,19,1,0
BRDA:111,20,0,48
BRDA:111,20,1,0
BRDA:112,21,0,48
BRDA:112,21,1,0
BRDA:113,22,0,48
BRDA:113,22,1,0
BRDA:114,23,0,48
BRDA:114,23,1,0
BRDA:115,24,0,48
BRDA:115,24,1,0
BRDA:116,25,0,48
BRDA:116,25,1,0
BRDA:128,26,0,1
BRDA:128,26,1,0
BRDA:129,27,0,1
BRDA:129,27,1,0
BRDA:130,28,0,1
BRDA:130,28,1,0
BRDA:130,29,0,1
BRDA:130,29,1,0
BRDA:131,30,0,1
BRDA:131,30,1,0
BRDA:131,31,0,1
BRDA:131,31,1,0
BRDA:132,32,0,1
BRDA:132,32,1,0
BRDA:132,33,0,1
BRDA:132,33,1,1
BRDA:133,34,0,1
BRDA:133,34,1,0
BRDA:134,35,0,1
BRDA:134,35,1,0
BRDA:135,36,0,1
BRDA:135,36,1,0
BRDA:147,37,0,1
BRDA:147,37,1,25
BRDA:147,38,0,26
BRDA:147,38,1,25
BRDA:149,39,0,2
BRDA:149,39,1,23
BRDA:188,40,0,19
BRDA:188,40,1,3
BRDA:189,41,0,0
BRDA:189,41,1,19
BRDA:189,42,0,19
BRDA:189,42,1,19
BRDA:189,42,2,19
BRDA:191,43,0,1
BRDA:191,43,1,18
BRDA:214,44,0,5
BRDA:214,44,1,35
BRDA:221,45,0,0
BRDA:221,45,1,1
BRDA:221,46,0,1
BRDA:221,46,1,1
BRDA:221,46,2,1
BRDA:238,47,0,0
BRDA:238,47,1,120
BRDA:262,48,0,2
BRDA:262,48,1,0
BRDA:269,49,0,5
BRDA:269,49,1,0
BRDA:270,50,0,5
BRDA:270,50,1,2
BRDA:272,51,0,2
BRDA:272,51,1,3
BRDA:287,52,0,0
BRDA:287,52,1,5
BRDA:296,53,0,1
BRDA:296,53,1,1
BRDA:318,54,0,0
BRDA:318,54,1,40
BRDA:326,55,0,0
BRDA:326,55,1,1
BRDA:333,56,0,2
BRDA:333,56,1,2
BRDA:335,57,0,1
BRDA:335,57,1,1
BRDA:337,58,0,1
BRDA:337,58,1,0
BRDA:350,59,0,2
BRDA:350,59,1,2
BRDA:352,60,0,1
BRDA:352,60,1,1
BRDA:365,61,0,1
BRDA:365,61,1,1
BRF:126
BRH:83
end_of_record
TN:
SF:modules\ics-manager.js
FN:7,downloadFile
FN:19,createIcsManager
FN:20,setStatus
FN:24,replaceImportedEvents
FN:25,(anonymous_4)
FN:40,importFromFile
FN:75,buildExportEvents
FN:78,(anonymous_7)
FN:94,(anonymous_8)
FN:101,(anonymous_9)
FN:104,exportToFile
FNF:11
FNH:11
FNDA:2,downloadFile
FNDA:41,createIcsManager
FNDA:6,setStatus
FNDA:1,replaceImportedEvents
FNDA:1,(anonymous_4)
FNDA:4,importFromFile
FNDA:3,buildExportEvents
FNDA:2,(anonymous_7)
FNDA:2,(anonymous_8)
FNDA:2,(anonymous_9)
FNDA:3,exportToFile
DA:8,2
DA:9,2
DA:10,2
DA:11,2
DA:12,2
DA:13,2
DA:14,2
DA:15,2
DA:16,2
DA:21,6
DA:25,1
DA:36,1
DA:37,1
DA:41,4
DA:42,1
DA:45,3
DA:46,3
DA:47,2
DA:48,2
DA:49,1
DA:52,1
DA:59,1
DA:60,1
DA:61,1
DA:63,1
DA:69,1
DA:70,1
DA:71,1
DA:76,3
DA:78,3
DA:79,2
DA:80,2
DA:81,2
DA:82,2
DA:83,2
DA:84,1
DA:86,2
DA:94,3
DA:101,3
DA:105,3
DA:106,3
DA:107,1
DA:108,1
DA:109,1
DA:112,2
DA:113,2
DA:114,2
DA:116,2
DA:117,2
DA:119,2
DA:125,41
LF:51
LH:51
BRDA:41,0,0,1
BRDA:41,0,1,3
BRDA:48,1,0,1
BRDA:48,1,1,1
BRDA:80,2,0,2
BRDA:80,2,1,2
BRDA:80,2,2,1
BRDA:80,2,3,0
BRDA:82,3,0,0
BRDA:82,3,1,2
BRDA:83,4,0,1
BRDA:83,4,1,1
BRDA:83,5,0,2
BRDA:83,5,1,2
BRDA:87,6,0,2
BRDA:87,6,1,1
BRDA:95,7,0,2
BRDA:95,7,1,1
BRDA:98,8,0,2
BRDA:98,8,1,1
BRDA:106,9,0,1
BRDA:106,9,1,2
BRF:22
BRH:20
end_of_record
TN:
SF:modules\ics-utils.js
FN:3,normalizeIcs
FN:7,getIcsProp
FN:8,(anonymous_2)
FN:14,parseIcsDate
FN:32,hashText
FN:40,parseIcsEvents
FN:45,(anonymous_6)
FN:46,(anonymous_7)
FN:49,(anonymous_8)
FN:52,(anonymous_9)
FN:66,(anonymous_10)
FN:74,escapeIcsText
FN:82,toIcsDate
FN:90,toIcsDateTimeUtc
FN:101,serializeEventsToIcs
FN:110,(anonymous_15)
FNF:16
FNH:16
FNDA:4,normalizeIcs
FNDA:15,getIcsProp
FNDA:28,(anonymous_2)
FNDA:8,parseIcsDate
FNDA:6,hashText
FNDA:3,parseIcsEvents
FNDA:4,(anonymous_6)
FNDA:4,(anonymous_7)
FNDA:19,(anonymous_8)
FNDA:4,(anonymous_9)
FNDA:4,(anonymous_10)
FNDA:16,escapeIcsText
FNDA:11,toIcsDate
FNDA:6,toIcsDateTimeUtc
FNDA:3,serializeEventsToIcs
FNDA:5,(anonymous_15)
DA:4,4
DA:8,28
DA:9,15
DA:10,13
DA:11,13
DA:15,8
DA:17,7
DA:18,4
DA:21,3
DA:22,3
DA:24,2
DA:25,2
DA:29,8
DA:33,6
DA:34,6
DA:35,245
DA:37,6
DA:41,3
DA:42,3
DA:44,3
DA:45,4
DA:47,4
DA:49,19
DA:53,4
DA:54,4
DA:55,4
DA:57,4
DA:65,3
DA:66,3
DA:67,4
DA:68,4
DA:69,3
DA:70,3
DA:75,16
DA:83,11
DA:84,11
DA:85,11
DA:86,11
DA:87,11
DA:91,6
DA:92,6
DA:93,6
DA:94,6
DA:95,6
DA:96,6
DA:97,6
DA:98,6
DA:102,3
DA:110,3
DA:111,5
DA:112,5
DA:114,5
DA:115,5
DA:116,5
DA:117,5
DA:118,5
DA:119,5
DA:120,5
DA:121,5
DA:124,3
DA:125,3
LF:61
LH:61
BRDA:8,0,0,28
BRDA:8,0,1,19
BRDA:9,1,0,2
BRDA:9,1,1,13
BRDA:11,2,0,13
BRDA:11,2,1,0
BRDA:15,3,0,1
BRDA:15,3,1,7
BRDA:17,4,0,4
BRDA:17,4,1,3
BRDA:22,5,0,1
BRDA:22,5,1,2
BRDA:25,6,0,2
BRDA:25,6,1,0
BRDA:55,7,0,0
BRDA:55,7,1,4
BRDA:58,8,0,4
BRDA:58,8,1,0
BRDA:59,9,0,4
BRDA:59,9,1,1
BRDA:68,10,0,1
BRDA:68,10,1,3
BRDA:75,11,0,16
BRDA:75,11,1,1
BRF:24
BRH:20
end_of_record
TN:
SF:modules\json-manager.js
FN:9,downloadFile
FN:21,mergeById
FN:24,(anonymous_2)
FN:30,(anonymous_3)
FN:39,collectValidArray
FN:49,(anonymous_5)
FN:58,normalizeSettings
FN:101,normalizeTimer
FN:114,buildMergedState
FN:126,(anonymous_9)
FN:147,createJsonManager
FN:148,setStatus
FN:154,exportToFile
FN:171,importFromFile
FN:188,(anonymous_14)
FNF:15
FNH:15
FNDA:1,downloadFile
FNDA:10,mergeById
FNDA:2,(anonymous_2)
FNDA:3,(anonymous_3)
FNDA:10,collectValidArray
FNDA:4,(anonymous_5)
FNDA:2,normalizeSettings
FNDA:2,normalizeTimer
FNDA:2,buildMergedState
FNDA:10,(anonymous_9)
FNDA:39,createJsonManager
FNDA:4,setStatus
FNDA:1,exportToFile
FNDA:4,importFromFile
FNDA:10,(anonymous_14)
DA:6,36
DA:7,36
DA:10,1
DA:11,1
DA:12,1
DA:13,1
DA:14,1
DA:15,1
DA:16,1
DA:17,1
DA:18,1
DA:22,10
DA:24,10
DA:25,2
DA:26,2
DA:30,10
DA:31,3
DA:32,3
DA:36,10
DA:40,10
DA:41,8
DA:48,2
DA:49,4
DA:51,2
DA:59,2
DA:60,2
DA:61,0
DA:64,2
DA:65,1
DA:68,2
DA:72,0
DA:75,2
DA:76,0
DA:79,2
DA:80,2
DA:81,1
DA:83,1
DA:87,2
DA:91,0
DA:94,2
DA:95,1
DA:98,2
DA:102,2
DA:103,2
DA:104,2
DA:107,0
DA:108,0
DA:111,0
DA:115,2
DA:116,2
DA:117,2
DA:119,2
DA:126,2
DA:127,10
DA:128,10
DA:129,8
DA:131,10
DA:132,1
DA:137,10
DA:138,10
DA:141,2
DA:142,2
DA:144,2
DA:149,4
DA:150,4
DA:151,4
DA:155,1
DA:156,1
DA:157,1
DA:159,1
DA:161,1
DA:162,1
DA:164,1
DA:172,4
DA:173,1
DA:176,3
DA:177,3
DA:178,3
DA:180,3
DA:181,0
DA:182,0
DA:183,0
DA:186,2
DA:188,10
DA:189,2
DA:192,4
DA:194,4
DA:202,1
DA:203,1
DA:204,1
DA:208,39
LF:91
LH:81
BRDA:21,0,0,10
BRDA:21,1,0,10
BRDA:25,2,0,2
BRDA:25,2,1,0
BRDA:25,3,0,2
BRDA:25,3,1,2
BRDA:25,3,2,2
BRDA:31,4,0,3
BRDA:31,4,1,0
BRDA:31,5,0,3
BRDA:31,5,1,3
BRDA:31,5,2,3
BRDA:40,6,0,8
BRDA:40,6,1,2
BRDA:49,7,0,4
BRDA:49,7,1,4
BRDA:49,7,2,4
BRDA:60,8,0,0
BRDA:60,8,1,2
BRDA:60,9,0,2
BRDA:60,9,1,2
BRDA:64,10,0,1
BRDA:64,10,1,1
BRDA:64,11,0,2
BRDA:64,11,1,1
BRDA:68,12,0,0
BRDA:68,12,1,2
BRDA:69,13,0,2
BRDA:69,13,1,2
BRDA:75,14,0,0
BRDA:75,14,1,2
BRDA:79,15,0,2
BRDA:79,15,1,0
BRDA:80,16,0,1
BRDA:80,16,1,1
BRDA:87,17,0,0
BRDA:87,17,1,2
BRDA:88,18,0,2
BRDA:88,18,1,2
BRDA:94,19,0,1
BRDA:94,19,1,1
BRDA:103,20,0,2
BRDA:103,20,1,0
BRDA:103,21,0,2
BRDA:103,21,1,0
BRDA:107,22,0,0
BRDA:107,22,1,0
BRDA:107,23,0,0
BRDA:107,23,1,0
BRDA:122,24,0,2
BRDA:122,24,1,0
BRDA:123,25,0,2
BRDA:123,25,1,0
BRDA:128,26,0,8
BRDA:128,26,1,2
BRDA:131,27,0,1
BRDA:131,27,1,9
BRDA:150,28,0,0
BRDA:150,28,1,4
BRDA:172,29,0,1
BRDA:172,29,1,3
BRDA:180,30,0,0
BRDA:180,30,1,3
BRDA:180,31,0,3
BRDA:180,31,1,2
BRDA:180,31,2,2
BRDA:189,32,0,2
BRDA:189,32,1,0
BRF:68
BRH:50
end_of_record
TN:
SF:modules\list-render-utils.js
FN:1,buildRow
FN:27,(anonymous_1)
FN:46,renderEmptyList
FNF:3
FNH:3
FNDA:170,buildRow
FNDA:200,(anonymous_1)
FNDA:506,renderEmptyList
DA:2,170
DA:3,170
DA:15,170
DA:16,170
DA:17,170
DA:18,170
DA:19,170
DA:20,170
DA:21,170
DA:22,170
DA:24,170
DA:25,170
DA:27,170
DA:28,200
DA:29,0
DA:31,200
DA:34,170
DA:35,170
DA:36,170
DA:37,170
DA:38,170
DA:39,170
DA:40,170
DA:42,170
DA:43,170
DA:47,506
LF:26
LH:25
BRDA:1,0,0,170
BRDA:1,1,0,170
BRDA:1,2,0,170
BRDA:10,3,0,1
BRDA:10,3,1,169
BRDA:28,4,0,0
BRDA:28,4,1,200
BRDA:28,5,0,200
BRDA:28,5,1,0
BRF:9
BRH:7
end_of_record
TN:
SF:modules\reminder-manager.js
FN:4,createReminderManager
FN:7,setNotificationStatus
FN:14,upcomingItems
FN:22,(anonymous_3)
FN:27,(anonymous_4)
FN:32,(anonymous_5)
FN:36,(anonymous_6)
FN:41,inactivityMessage
FN:48,(anonymous_8)
FN:60,maybeNotify
FN:69,activateNotifications
FN:119,runReminders
FN:134,(anonymous_12)
FN:144,startLoop
FN:149,stopLoop
FNF:15
FNH:15
FNDA:39,createReminderManager
FNDA:43,setNotificationStatus
FNDA:127,upcomingItems
FNDA:49,(anonymous_3)
FNDA:2,(anonymous_4)
FNDA:85,(anonymous_5)
FNDA:1,(anonymous_6)
FNDA:127,inactivityMessage
FNDA:11,(anonymous_8)
FNDA:120,maybeNotify
FNDA:5,activateNotifications
FNDA:127,runReminders
FNDA:120,(anonymous_12)
FNDA:37,startLoop
FNDA:36,stopLoop
DA:5,39
DA:8,43
DA:9,43
DA:10,43
DA:15,127
DA:16,127
DA:17,127
DA:18,127
DA:19,127
DA:21,127
DA:23,49
DA:24,49
DA:28,2
DA:31,127
DA:33,85
DA:34,85
DA:36,1
DA:38,127
DA:42,127
DA:43,127
DA:44,127
DA:45,117
DA:48,10
DA:49,11
DA:50,11
DA:53,10
DA:54,10
DA:55,0
DA:57,10
DA:61,120
DA:62,120
DA:63,3
DA:64,3
DA:65,3
DA:70,5
DA:72,5
DA:73,1
DA:75,1
DA:76,1
DA:77,1
DA:80,4
DA:81,1
DA:82,1
DA:83,1
DA:84,1
DA:87,3
DA:88,3
DA:89,1
DA:90,1
DA:93,1
DA:96,2
DA:97,1
DA:98,1
DA:100,1
DA:101,1
DA:102,1
DA:103,1
DA:110,0
DA:113,1
DA:115,1
DA:120,127
DA:121,127
DA:123,127
DA:124,127
DA:125,127
DA:127,127
DA:128,8
DA:130,8
DA:131,8
DA:134,119
DA:135,120
DA:136,120
DA:137,120
DA:138,120
DA:141,119
DA:145,37
DA:146,37
DA:150,36
DA:151,36
DA:154,39
LF:80
LH:78
BRDA:9,0,0,43
BRDA:9,0,1,0
BRDA:24,1,0,49
BRDA:24,1,1,49
BRDA:34,2,0,85
BRDA:34,2,1,84
BRDA:34,2,2,84
BRDA:43,3,0,127
BRDA:43,3,1,0
BRDA:44,4,0,117
BRDA:44,4,1,10
BRDA:54,5,0,0
BRDA:54,5,1,10
BRDA:62,6,0,117
BRDA:62,6,1,3
BRDA:63,7,0,0
BRDA:63,7,1,3
BRDA:64,8,0,3
BRDA:64,8,1,0
BRDA:72,9,0,1
BRDA:72,9,1,4
BRDA:80,10,0,1
BRDA:80,10,1,3
BRDA:88,11,0,1
BRDA:88,11,1,2
BRDA:100,12,0,1
BRDA:100,12,1,0
BRDA:125,13,0,117
BRDA:125,13,1,10
BRDA:127,14,0,8
BRDA:127,14,1,119
BRF:31
BRH:25
end_of_record
TN:
SF:modules\render-main-view.js
FN:14,parseIsoWeek
FN:23,parseCalendarWeekLabel
FN:32,getWeekPartsFromPlan
FN:40,toMinutes
FN:44,sum
FN:45,(anonymous_5)
FN:48,parseTimeToMinutes
FN:58,formatMinutesAsTime
FN:65,getDetailPlanFocusTitle
FN:70,buildDetailPlanSelectionLabel
FN:83,roughPlansByGoalComparator
FN:85,(anonymous_11)
FN:88,(anonymous_12)
FN:100,roughPlansByWeekComparator
FN:120,renderGoals
FN:125,(anonymous_15)
FN:133,updateCollapseAllButton
FN:137,(anonymous_17)
FN:146,setGoalCollapsed
FN:159,(anonymous_19)
FN:172,(anonymous_20)
FN:191,(anonymous_21)
FN:193,(anonymous_22)
FN:195,(anonymous_23)
FN:213,(anonymous_24)
FN:248,(anonymous_25)
FN:272,(anonymous_26)
FN:291,(anonymous_27)
FN:310,(anonymous_28)
FN:368,(anonymous_29)
FN:380,(anonymous_30)
FN:410,(anonymous_31)
FN:425,(anonymous_32)
FN:459,(anonymous_33)
FN:467,(anonymous_34)
FN:534,(anonymous_35)
FN:556,(anonymous_36)
FN:575,(anonymous_37)
FN:577,(anonymous_38)
FN:579,(anonymous_39)
FN:594,renderRoughPlans
FN:599,(anonymous_41)
FN:601,(anonymous_42)
FN:606,(anonymous_43)
FN:607,(anonymous_44)
FN:619,(anonymous_45)
FN:623,(anonymous_46)
FN:636,renderDetailPlans
FN:649,(anonymous_48)
FN:650,(anonymous_49)
FN:661,(anonymous_50)
FN:663,(anonymous_51)
FN:664,(anonymous_52)
FN:664,(anonymous_53)
FN:668,isHiddenByCompletion
FN:675,(anonymous_55)
FN:678,(anonymous_56)
FN:682,(anonymous_57)
FN:685,(anonymous_58)
FN:686,(anonymous_59)
FN:687,(anonymous_60)
FN:689,(anonymous_61)
FN:698,setBlockCollapsed
FN:708,updateDetailCollapseAllButton
FN:712,(anonymous_64)
FN:727,(anonymous_65)
FN:729,(anonymous_66)
FN:731,(anonymous_67)
FN:742,createDetailEntryRow
FN:760,(anonymous_69)
FN:769,(anonymous_70)
FN:775,(anonymous_71)
FN:805,createDetailBlockForm
FN:844,(anonymous_73)
FN:899,setFormVisible
FN:911,toggleFormVisibility
FN:917,resetBlockForm
FN:928,startDetailEdit
FN:954,(anonymous_78)
FN:960,(anonymous_79)
FN:972,(anonymous_80)
FN:1027,(anonymous_81)
FN:1028,(anonymous_82)
FN:1031,(anonymous_83)
FN:1032,(anonymous_84)
FN:1060,(anonymous_85)
FN:1080,(anonymous_86)
FN:1109,(anonymous_87)
FN:1127,(anonymous_88)
FN:1138,(anonymous_89)
FN:1140,(anonymous_90)
FN:1175,(anonymous_91)
FN:1181,(anonymous_92)
FN:1182,(anonymous_93)
FN:1212,(anonymous_94)
FN:1230,(anonymous_95)
FN:1243,renderTrackedSessions
FN:1248,(anonymous_97)
FN:1250,(anonymous_98)
FN:1251,(anonymous_99)
FN:1262,(anonymous_100)
FN:1271,(anonymous_101)
FN:1285,renderTimerDetailPlanSelect
FN:1290,(anonymous_103)
FN:1309,(anonymous_104)
FN:1316,(anonymous_105)
FN:1319,renderStats
FN:1321,(anonymous_107)
FN:1322,(anonymous_108)
FN:1324,(anonymous_109)
FN:1327,(anonymous_110)
FN:1331,(anonymous_111)
FN:1332,(anonymous_112)
FN:1336,(anonymous_113)
FN:1337,(anonymous_114)
FNF:115
FNH:106
FNDA:24,parseIsoWeek
FNDA:2,parseCalendarWeekLabel
FNDA:24,getWeekPartsFromPlan
FNDA:90,toMinutes
FNDA:660,sum
FNDA:152,(anonymous_5)
FNDA:28,parseTimeToMinutes
FNDA:0,formatMinutesAsTime
FNDA:45,getDetailPlanFocusTitle
FNDA:35,buildDetailPlanSelectionLabel
FNDA:3,roughPlansByGoalComparator
FNDA:3,(anonymous_11)
FNDA:3,(anonymous_12)
FNDA:12,roughPlansByWeekComparator
FNDA:123,renderGoals
FNDA:57,(anonymous_15)
FNDA:123,updateCollapseAllButton
FNDA:81,(anonymous_17)
FNDA:83,setGoalCollapsed
FNDA:8,(anonymous_19)
FNDA:29,(anonymous_20)
FNDA:3,(anonymous_21)
FNDA:83,(anonymous_22)
FNDA:55,(anonymous_23)
FNDA:1,(anonymous_24)
FNDA:4,(anonymous_25)
FNDA:1,(anonymous_26)
FNDA:2,(anonymous_27)
FNDA:1,(anonymous_28)
FNDA:51,(anonymous_29)
FNDA:3,(anonymous_30)
FNDA:2,(anonymous_31)
FNDA:3,(anonymous_32)
FNDA:0,(anonymous_33)
FNDA:2,(anonymous_34)
FNDA:14,(anonymous_35)
FNDA:2,(anonymous_36)
FNDA:0,(anonymous_37)
FNDA:0,(anonymous_38)
FNDA:0,(anonymous_39)
FNDA:124,renderRoughPlans
FNDA:51,(anonymous_41)
FNDA:46,(anonymous_42)
FNDA:50,(anonymous_43)
FNDA:44,(anonymous_44)
FNDA:2,(anonymous_45)
FNDA:1,(anonymous_46)
FNDA:125,renderDetailPlans
FNDA:25,(anonymous_48)
FNDA:25,(anonymous_49)
FNDA:84,(anonymous_50)
FNDA:84,(anonymous_51)
FNDA:55,(anonymous_52)
FNDA:7,(anonymous_53)
FNDA:32,isHiddenByCompletion
FNDA:47,(anonymous_55)
FNDA:46,(anonymous_56)
FNDA:3,(anonymous_57)
FNDA:35,(anonymous_58)
FNDA:32,(anonymous_59)
FNDA:5,(anonymous_60)
FNDA:9,(anonymous_61)
FNDA:181,setBlockCollapsed
FNDA:46,updateDetailCollapseAllButton
FNDA:10,(anonymous_64)
FNDA:2,(anonymous_65)
FNDA:4,(anonymous_66)
FNDA:6,(anonymous_67)
FNDA:30,createDetailEntryRow
FNDA:1,(anonymous_69)
FNDA:4,(anonymous_70)
FNDA:1,(anonymous_71)
FNDA:170,createDetailBlockForm
FNDA:93,(anonymous_73)
FNDA:184,setFormVisible
FNDA:0,toggleFormVisibility
FNDA:13,resetBlockForm
FNDA:1,startDetailEdit
FNDA:0,(anonymous_78)
FNDA:13,(anonymous_79)
FNDA:12,(anonymous_80)
FNDA:45,(anonymous_81)
FNDA:43,(anonymous_82)
FNDA:30,(anonymous_83)
FNDA:5,(anonymous_84)
FNDA:28,(anonymous_85)
FNDA:3,(anonymous_86)
FNDA:0,(anonymous_87)
FNDA:28,(anonymous_88)
FNDA:45,(anonymous_89)
FNDA:30,(anonymous_90)
FNDA:2,(anonymous_91)
FNDA:84,(anonymous_92)
FNDA:55,(anonymous_93)
FNDA:0,(anonymous_94)
FNDA:2,(anonymous_95)
FNDA:123,renderTrackedSessions
FNDA:1,(anonymous_97)
FNDA:9,(anonymous_98)
FNDA:9,(anonymous_99)
FNDA:2,(anonymous_100)
FNDA:1,(anonymous_101)
FNDA:122,renderTimerDetailPlanSelect
FNDA:6,(anonymous_103)
FNDA:30,(anonymous_104)
FNDA:28,(anonymous_105)
FNDA:123,renderStats
FNDA:45,(anonymous_107)
FNDA:30,(anonymous_108)
FNDA:10,(anonymous_109)
FNDA:83,(anonymous_110)
FNDA:30,(anonymous_111)
FNDA:29,(anonymous_112)
FNDA:10,(anonymous_113)
FNDA:10,(anonymous_114)
DA:15,24
DA:16,24
DA:17,22
DA:18,22
DA:19,22
DA:20,22
DA:24,2
DA:25,2
DA:26,2
DA:27,2
DA:28,2
DA:29,2
DA:33,24
DA:41,90
DA:45,660
DA:49,28
DA:50,28
DA:51,28
DA:52,28
DA:53,28
DA:54,28
DA:55,28
DA:59,0
DA:60,0
DA:61,0
DA:62,0
DA:66,45
DA:67,45
DA:71,35
DA:72,35
DA:73,35
DA:74,35
DA:75,32
DA:77,35
DA:78,31
DA:80,35
DA:84,3
DA:85,3
DA:87,3
DA:88,3
DA:91,3
DA:92,3
DA:94,3
DA:95,3
DA:97,0
DA:101,12
DA:102,12
DA:104,12
DA:105,12
DA:106,2
DA:108,10
DA:109,9
DA:111,0
DA:112,0
DA:113,0
DA:114,0
DA:117,1
DA:121,123
DA:122,123
DA:124,123
DA:125,57
DA:131,123
DA:134,123
DA:135,123
DA:136,123
DA:137,81
DA:139,123
DA:142,123
DA:143,123
DA:147,83
DA:148,83
DA:149,83
DA:150,83
DA:151,83
DA:156,123
DA:157,123
DA:159,123
DA:160,8
DA:161,4
DA:165,8
DA:168,123
DA:169,123
DA:170,123
DA:171,123
DA:172,123
DA:173,29
DA:174,29
DA:175,29
DA:176,28
DA:177,28
DA:179,29
DA:180,27
DA:184,27
DA:191,123
DA:193,123
DA:194,83
DA:195,83
DA:197,83
DA:198,2
DA:199,2
DA:201,2
DA:202,2
DA:204,2
DA:205,2
DA:207,2
DA:208,2
DA:209,2
DA:210,2
DA:211,2
DA:212,2
DA:213,2
DA:214,1
DA:222,1
DA:223,1
DA:226,2
DA:227,2
DA:228,2
DA:230,2
DA:231,2
DA:233,2
DA:234,1
DA:235,1
DA:236,1
DA:237,1
DA:240,2
DA:241,2
DA:242,2
DA:243,2
DA:244,2
DA:246,2
DA:247,2
DA:248,2
DA:249,4
DA:250,4
DA:253,4
DA:255,2
DA:258,2
DA:259,2
DA:260,2
DA:261,2
DA:263,2
DA:264,2
DA:265,2
DA:268,81
DA:269,81
DA:270,81
DA:271,81
DA:272,81
DA:273,1
DA:281,1
DA:282,1
DA:285,81
DA:286,81
DA:287,81
DA:288,81
DA:289,81
DA:290,81
DA:291,81
DA:292,2
DA:295,81
DA:296,81
DA:297,81
DA:298,81
DA:300,81
DA:301,81
DA:302,5
DA:304,81
DA:305,50
DA:308,81
DA:311,1
DA:312,1
DA:317,81
DA:318,81
DA:320,81
DA:321,81
DA:323,81
DA:324,81
DA:326,81
DA:327,81
DA:328,81
DA:329,0
DA:332,81
DA:333,81
DA:335,81
DA:336,83
DA:337,83
DA:338,22
DA:339,22
DA:340,22
DA:341,22
DA:342,22
DA:343,22
DA:344,22
DA:345,22
DA:346,22
DA:347,22
DA:348,22
DA:349,22
DA:350,22
DA:351,22
DA:352,22
DA:355,81
DA:356,81
DA:357,81
DA:359,81
DA:360,81
DA:361,81
DA:362,81
DA:364,81
DA:365,50
DA:366,50
DA:368,50
DA:369,51
DA:370,51
DA:372,51
DA:373,51
DA:375,51
DA:376,51
DA:377,51
DA:378,51
DA:379,51
DA:380,51
DA:381,3
DA:389,3
DA:390,3
DA:393,51
DA:394,51
DA:395,51
DA:396,51
DA:397,5
DA:400,51
DA:401,51
DA:402,51
DA:404,51
DA:405,51
DA:406,51
DA:407,51
DA:408,51
DA:409,51
DA:410,51
DA:411,2
DA:412,2
DA:413,2
DA:414,2
DA:415,2
DA:416,2
DA:419,51
DA:420,51
DA:421,51
DA:422,51
DA:423,51
DA:424,51
DA:425,51
DA:426,3
DA:427,3
DA:429,2
DA:436,2
DA:437,2
DA:440,51
DA:441,51
DA:442,51
DA:444,51
DA:445,51
DA:446,51
DA:447,51
DA:448,51
DA:450,51
DA:451,51
DA:452,51
DA:453,51
DA:455,51
DA:456,51
DA:457,51
DA:458,51
DA:459,51
DA:460,0
DA:461,0
DA:462,0
DA:463,0
DA:464,0
DA:467,51
DA:468,2
DA:469,2
DA:470,2
DA:472,2
DA:480,2
DA:481,2
DA:484,51
DA:486,51
DA:487,51
DA:488,51
DA:489,21
DA:490,21
DA:491,21
DA:492,21
DA:493,21
DA:494,21
DA:495,21
DA:496,21
DA:497,21
DA:498,21
DA:499,21
DA:500,21
DA:501,21
DA:502,21
DA:503,21
DA:504,21
DA:507,51
DA:508,51
DA:509,51
DA:512,50
DA:514,31
DA:515,31
DA:516,31
DA:517,31
DA:520,81
DA:521,81
DA:523,81
DA:524,81
DA:525,81
DA:526,81
DA:527,81
DA:529,81
DA:530,81
DA:531,81
DA:532,81
DA:534,81
DA:535,14
DA:536,14
DA:537,14
DA:539,14
DA:546,14
DA:547,14
DA:548,14
DA:551,81
DA:552,81
DA:554,81
DA:555,83
DA:556,83
DA:557,2
DA:558,2
DA:559,2
DA:562,83
DA:564,83
DA:565,83
DA:567,83
DA:570,123
DA:571,123
DA:572,121
DA:573,121
DA:574,121
DA:575,121
DA:576,0
DA:577,0
DA:579,0
DA:580,0
DA:582,0
DA:586,123
DA:587,43
DA:589,123
DA:590,121
DA:595,124
DA:596,124
DA:598,124
DA:600,51
DA:601,46
DA:602,44
DA:606,124
DA:607,50
DA:608,50
DA:611,50
DA:612,50
DA:614,50
DA:615,50
DA:616,50
DA:617,50
DA:618,50
DA:619,50
DA:621,50
DA:624,1
DA:625,1
DA:628,50
DA:631,124
DA:632,82
DA:644,125
DA:647,125
DA:649,25
DA:650,25
DA:655,125
DA:659,125
DA:661,125
DA:662,125
DA:664,84
DA:669,32
DA:670,31
DA:671,30
DA:674,125
DA:676,47
DA:679,46
DA:680,44
DA:682,3
DA:684,125
DA:685,35
DA:686,32
DA:687,5
DA:689,125
DA:690,9
DA:691,5
DA:692,9
DA:693,9
DA:696,125
DA:699,181
DA:700,181
DA:701,181
DA:702,181
DA:703,181
DA:709,46
DA:710,46
DA:711,46
DA:712,10
DA:714,46
DA:717,46
DA:718,46
DA:721,125
DA:722,42
DA:723,42
DA:724,39
DA:725,39
DA:726,39
DA:727,39
DA:728,2
DA:729,4
DA:731,2
DA:732,6
DA:734,2
DA:739,125
DA:740,125
DA:743,30
DA:744,30
DA:745,30
DA:746,30
DA:747,30
DA:748,30
DA:750,30
DA:751,30
DA:753,30
DA:755,30
DA:756,30
DA:757,30
DA:758,30
DA:759,30
DA:760,30
DA:762,30
DA:763,30
DA:764,30
DA:765,30
DA:766,30
DA:767,30
DA:768,30
DA:769,30
DA:770,4
DA:773,30
DA:776,1
DA:777,1
DA:778,1
DA:783,30
DA:784,30
DA:785,30
DA:786,30
DA:788,30
DA:789,30
DA:791,30
DA:792,30
DA:793,30
DA:794,30
DA:795,30
DA:796,30
DA:797,30
DA:799,30
DA:800,30
DA:802,30
DA:814,170
DA:815,170
DA:816,170
DA:818,170
DA:819,170
DA:820,170
DA:821,170
DA:823,170
DA:824,170
DA:825,170
DA:826,170
DA:827,170
DA:828,170
DA:829,170
DA:830,170
DA:831,170
DA:833,170
DA:834,170
DA:835,170
DA:836,170
DA:837,170
DA:839,170
DA:840,170
DA:841,170
DA:842,170
DA:844,170
DA:845,93
DA:846,93
DA:847,93
DA:848,93
DA:851,93
DA:853,170
DA:855,170
DA:856,170
DA:857,170
DA:858,170
DA:859,170
DA:860,170
DA:861,170
DA:862,170
DA:864,170
DA:865,170
DA:866,170
DA:867,170
DA:868,170
DA:869,170
DA:870,170
DA:871,170
DA:873,170
DA:874,170
DA:875,170
DA:876,170
DA:877,170
DA:878,170
DA:879,170
DA:880,170
DA:882,170
DA:883,170
DA:884,170
DA:885,170
DA:886,170
DA:887,170
DA:888,170
DA:890,170
DA:891,170
DA:892,170
DA:893,170
DA:894,170
DA:895,170
DA:896,170
DA:897,170
DA:900,184
DA:901,184
DA:902,184
DA:905,184
DA:906,184
DA:907,184
DA:912,0
DA:913,0
DA:914,0
DA:918,13
DA:919,13
DA:920,13
DA:921,13
DA:922,13
DA:923,13
DA:924,13
DA:925,13
DA:929,1
DA:930,1
DA:931,1
DA:932,1
DA:933,1
DA:934,1
DA:935,1
DA:940,1
DA:941,1
DA:943,0
DA:944,0
DA:945,0
DA:946,0
DA:948,1
DA:949,1
DA:950,1
DA:951,1
DA:954,170
DA:955,0
DA:956,0
DA:959,170
DA:960,170
DA:961,13
DA:963,13
DA:964,13
DA:965,13
DA:966,13
DA:967,13
DA:968,13
DA:969,13
DA:970,13
DA:971,13
DA:972,13
DA:974,13
DA:975,13
DA:976,13
DA:977,13
DA:979,13
DA:991,13
DA:992,1
DA:1000,12
DA:1012,13
DA:1013,13
DA:1014,13
DA:1015,13
DA:1018,170
DA:1020,170
DA:1027,125
DA:1028,45
DA:1029,45
DA:1030,45
DA:1031,30
DA:1032,5
DA:1034,45
DA:1035,45
DA:1037,45
DA:1038,45
DA:1040,45
DA:1041,45
DA:1043,45
DA:1044,45
DA:1048,45
DA:1049,45
DA:1050,45
DA:1057,45
DA:1059,45
DA:1060,45
DA:1061,45
DA:1062,45
DA:1063,45
DA:1064,45
DA:1066,45
DA:1067,45
DA:1068,45
DA:1069,45
DA:1070,45
DA:1072,45
DA:1073,45
DA:1074,45
DA:1075,45
DA:1077,45
DA:1078,45
DA:1080,45
DA:1081,3
DA:1082,3
DA:1083,3
DA:1086,45
DA:1087,45
DA:1088,45
DA:1089,45
DA:1090,45
DA:1091,45
DA:1092,45
DA:1094,45
DA:1095,45
DA:1096,45
DA:1097,45
DA:1098,45
DA:1100,45
DA:1109,45
DA:1110,0
DA:1111,0
DA:1113,0
DA:1114,0
DA:1115,0
DA:1118,0
DA:1119,0
DA:1122,45
DA:1124,45
DA:1125,45
DA:1126,45
DA:1127,23
DA:1128,28
DA:1131,22
DA:1133,45
DA:1134,45
DA:1135,45
DA:1138,125
DA:1139,125
DA:1140,30
DA:1143,125
DA:1144,125
DA:1146,125
DA:1147,125
DA:1149,125
DA:1150,125
DA:1152,125
DA:1153,125
DA:1154,125
DA:1155,125
DA:1156,125
DA:1157,125
DA:1159,125
DA:1160,125
DA:1161,125
DA:1162,125
DA:1163,125
DA:1165,125
DA:1166,125
DA:1167,125
DA:1168,125
DA:1170,125
DA:1171,125
DA:1175,125
DA:1176,2
DA:1177,2
DA:1178,2
DA:1181,125
DA:1182,84
DA:1185,125
DA:1186,125
DA:1187,125
DA:1188,125
DA:1189,125
DA:1190,125
DA:1191,125
DA:1193,125
DA:1194,125
DA:1195,125
DA:1196,125
DA:1197,125
DA:1203,125
DA:1212,125
DA:1213,0
DA:1214,0
DA:1216,0
DA:1217,0
DA:1218,0
DA:1221,0
DA:1222,0
DA:1225,125
DA:1227,125
DA:1228,125
DA:1229,125
DA:1230,2
DA:1231,2
DA:1234,123
DA:1236,125
DA:1238,125
DA:1240,125
DA:1244,123
DA:1245,123
DA:1247,123
DA:1248,123
DA:1250,123
DA:1251,9
DA:1252,9
DA:1256,9
DA:1257,9
DA:1258,9
DA:1259,9
DA:1260,9
DA:1261,9
DA:1262,9
DA:1263,2
DA:1266,9
DA:1272,1
DA:1273,1
DA:1277,9
DA:1280,123
DA:1281,115
DA:1286,122
DA:1287,122
DA:1289,122
DA:1290,122
DA:1291,6
DA:1292,6
DA:1293,5
DA:1302,122
DA:1304,122
DA:1305,122
DA:1306,122
DA:1307,122
DA:1309,122
DA:1310,30
DA:1311,30
DA:1312,30
DA:1313,30
DA:1316,122
DA:1321,123
DA:1322,30
DA:1324,123
DA:1326,123
DA:1327,123
DA:1329,123
DA:1331,30
DA:1332,29
DA:1334,123
DA:1336,10
DA:1337,10
DA:1340,123
DA:1376,123
DA:1377,123
DA:1379,123
DA:1380,123
DA:1382,123
DA:1383,123
DA:1384,123
DA:1386,123
DA:1387,123
DA:1388,123
LF:810
LH:767
BRDA:15,0,0,24
BRDA:15,0,1,0
BRDA:16,1,0,2
BRDA:16,1,1,22
BRDA:19,2,0,0
BRDA:19,2,1,22
BRDA:19,3,0,22
BRDA:19,3,1,22
BRDA:24,4,0,2
BRDA:24,4,1,0
BRDA:25,5,0,0
BRDA:25,5,1,2
BRDA:28,6,0,0
BRDA:28,6,1,2
BRDA:28,7,0,2
BRDA:28,7,1,2
BRDA:34,8,0,24
BRDA:34,8,1,2
BRDA:34,8,2,0
BRDA:49,9,0,0
BRDA:49,9,1,28
BRDA:49,10,0,28
BRDA:49,10,1,28
BRDA:53,11,0,0
BRDA:53,11,1,28
BRDA:53,12,0,28
BRDA:53,12,1,28
BRDA:54,13,0,0
BRDA:54,13,1,28
BRDA:54,14,0,28
BRDA:54,14,1,28
BRDA:54,14,2,28
BRDA:54,14,3,28
BRDA:59,15,0,0
BRDA:59,15,1,0
BRDA:67,16,0,45
BRDA:67,16,1,4
BRDA:67,16,2,4
BRDA:67,16,3,0
BRDA:74,17,0,32
BRDA:74,17,1,3
BRDA:77,18,0,31
BRDA:77,18,1,4
BRDA:77,19,0,35
BRDA:77,19,1,31
BRDA:84,20,0,3
BRDA:84,20,1,0
BRDA:85,21,0,3
BRDA:85,21,1,0
BRDA:87,22,0,3
BRDA:87,22,1,0
BRDA:88,23,0,3
BRDA:88,23,1,0
BRDA:92,24,0,0
BRDA:92,24,1,3
BRDA:94,25,0,3
BRDA:94,25,1,0
BRDA:94,26,0,3
BRDA:94,26,1,0
BRDA:95,27,0,3
BRDA:95,27,1,0
BRDA:97,28,0,0
BRDA:97,28,1,0
BRDA:97,29,0,3
BRDA:97,29,1,0
BRDA:104,30,0,12
BRDA:104,30,1,0
BRDA:104,31,0,12
BRDA:104,31,1,12
BRDA:105,32,0,2
BRDA:105,32,1,10
BRDA:108,33,0,9
BRDA:108,33,1,1
BRDA:111,34,0,0
BRDA:111,34,1,0
BRDA:111,35,0,0
BRDA:111,35,1,0
BRDA:113,36,0,0
BRDA:113,36,1,0
BRDA:113,37,0,0
BRDA:113,37,1,0
BRDA:117,38,0,1
BRDA:117,38,1,0
BRDA:117,39,0,12
BRDA:117,39,1,0
BRDA:135,40,0,0
BRDA:135,40,1,123
BRDA:139,41,0,80
BRDA:139,41,1,43
BRDA:142,42,0,80
BRDA:142,42,1,43
BRDA:143,43,0,80
BRDA:143,43,1,43
BRDA:149,44,0,1
BRDA:149,44,1,82
BRDA:150,45,0,1
BRDA:150,45,1,82
BRDA:151,46,0,1
BRDA:151,46,1,82
BRDA:159,47,0,123
BRDA:159,47,1,2
BRDA:160,48,0,4
BRDA:160,48,1,4
BRDA:163,49,0,4
BRDA:163,49,1,4
BRDA:163,50,0,8
BRDA:163,50,1,0
BRDA:172,51,0,123
BRDA:172,51,1,2
BRDA:173,52,0,29
BRDA:173,52,1,0
BRDA:174,53,0,29
BRDA:174,53,1,25
BRDA:175,54,0,28
BRDA:175,54,1,1
BRDA:176,55,0,28
BRDA:176,55,1,23
BRDA:177,56,0,28
BRDA:177,56,1,26
BRDA:179,57,0,27
BRDA:179,57,1,2
BRDA:182,58,0,27
BRDA:182,58,1,22
BRDA:186,59,0,27
BRDA:186,59,1,25
BRDA:194,60,0,53
BRDA:194,60,1,30
BRDA:197,61,0,2
BRDA:197,61,1,81
BRDA:219,62,0,0
BRDA:219,62,1,1
BRDA:233,63,0,1
BRDA:233,63,1,1
BRDA:240,64,0,2
BRDA:240,64,1,0
BRDA:250,65,0,3
BRDA:250,65,1,1
BRDA:278,66,0,0
BRDA:278,66,1,1
BRDA:301,67,0,5
BRDA:301,67,1,76
BRDA:304,68,0,50
BRDA:304,68,1,31
BRDA:328,69,0,0
BRDA:328,69,1,81
BRDA:335,70,0,81
BRDA:335,70,1,59
BRDA:336,71,0,83
BRDA:336,71,1,77
BRDA:337,72,0,22
BRDA:337,72,1,61
BRDA:364,73,0,50
BRDA:364,73,1,31
BRDA:396,74,0,5
BRDA:396,74,1,46
BRDA:427,75,0,1
BRDA:427,75,1,2
BRDA:470,76,0,0
BRDA:470,76,1,2
BRDA:486,77,0,51
BRDA:486,77,1,30
BRDA:487,78,0,51
BRDA:487,78,1,47
BRDA:488,79,0,21
BRDA:488,79,1,30
BRDA:537,80,0,0
BRDA:537,80,1,14
BRDA:554,81,0,81
BRDA:554,81,1,81
BRDA:571,82,0,121
BRDA:571,82,1,2
BRDA:586,83,0,43
BRDA:586,83,1,80
BRDA:589,84,0,121
BRDA:589,84,1,2
BRDA:600,85,0,7
BRDA:600,85,1,44
BRDA:607,86,0,43
BRDA:607,86,1,7
BRDA:608,87,0,43
BRDA:608,87,1,7
BRDA:611,88,0,50
BRDA:611,88,1,0
BRDA:612,89,0,12
BRDA:612,89,1,38
BRDA:631,90,0,82
BRDA:631,90,1,42
BRDA:661,91,0,125
BRDA:661,91,1,0
BRDA:663,92,0,125
BRDA:663,92,1,0
BRDA:664,93,0,84
BRDA:664,93,1,30
BRDA:669,94,0,1
BRDA:669,94,1,31
BRDA:669,95,0,32
BRDA:669,95,1,30
BRDA:670,96,0,1
BRDA:670,96,1,30
BRDA:670,97,0,31
BRDA:670,97,1,28
BRDA:676,98,0,47
BRDA:676,98,1,0
BRDA:679,99,0,2
BRDA:679,99,1,44
BRDA:689,100,0,125
BRDA:689,100,1,2
BRDA:690,101,0,4
BRDA:690,101,1,5
BRDA:691,102,0,5
BRDA:691,102,1,5
BRDA:692,103,0,9
BRDA:692,103,1,0
BRDA:701,104,0,6
BRDA:701,104,1,175
BRDA:702,105,0,6
BRDA:702,105,1,175
BRDA:703,106,0,6
BRDA:703,106,1,175
BRDA:710,107,0,0
BRDA:710,107,1,46
BRDA:714,108,0,5
BRDA:714,108,1,41
BRDA:717,109,0,5
BRDA:717,109,1,41
BRDA:718,110,0,5
BRDA:718,110,1,41
BRDA:721,111,0,42
BRDA:721,111,1,83
BRDA:723,112,0,39
BRDA:723,112,1,3
BRDA:740,113,0,119
BRDA:740,113,1,6
BRDA:742,114,0,30
BRDA:744,115,0,30
BRDA:744,115,1,3
BRDA:744,115,2,3
BRDA:744,115,3,0
BRDA:746,116,0,26
BRDA:746,116,1,4
BRDA:746,117,0,30
BRDA:746,117,1,26
BRDA:747,118,0,28
BRDA:747,118,1,2
BRDA:748,119,0,27
BRDA:748,119,1,3
BRDA:748,120,0,30
BRDA:748,120,1,30
BRDA:750,121,0,30
BRDA:750,121,1,26
BRDA:751,122,0,30
BRDA:751,122,1,0
BRDA:753,123,0,30
BRDA:753,123,1,0
BRDA:847,124,0,55
BRDA:847,124,1,38
BRDA:848,125,0,10
BRDA:848,125,1,83
BRDA:901,126,0,184
BRDA:901,126,1,0
BRDA:902,127,0,1
BRDA:902,127,1,183
BRDA:905,128,0,1
BRDA:905,128,1,183
BRDA:906,129,0,1
BRDA:906,129,1,183
BRDA:932,130,0,1
BRDA:932,130,1,0
BRDA:933,131,0,1
BRDA:933,131,1,0
BRDA:934,132,0,1
BRDA:934,132,1,0
BRDA:935,133,0,1
BRDA:935,133,1,0
BRDA:936,134,0,1
BRDA:936,134,1,1
BRDA:936,134,2,1
BRDA:944,135,0,0
BRDA:944,135,1,0
BRDA:948,136,0,1
BRDA:948,136,1,0
BRDA:972,137,0,13
BRDA:972,137,1,2
BRDA:974,138,0,0
BRDA:974,138,1,13
BRDA:975,139,0,0
BRDA:975,139,1,13
BRDA:975,140,0,13
BRDA:975,140,1,13
BRDA:976,141,0,0
BRDA:976,141,1,13
BRDA:977,142,0,0
BRDA:977,142,1,13
BRDA:977,143,0,13
BRDA:977,143,1,2
BRDA:985,144,0,13
BRDA:985,144,1,2
BRDA:986,145,0,13
BRDA:986,145,1,2
BRDA:987,146,0,13
BRDA:987,146,1,13
BRDA:987,146,2,1
BRDA:988,147,0,13
BRDA:988,147,1,1
BRDA:991,148,0,1
BRDA:991,148,1,12
BRDA:1028,149,0,43
BRDA:1028,149,1,2
BRDA:1029,150,0,37
BRDA:1029,150,1,8
BRDA:1044,151,0,43
BRDA:1044,151,1,2
BRDA:1051,152,0,45
BRDA:1051,152,1,0
BRDA:1052,153,0,45
BRDA:1052,153,1,37
BRDA:1053,154,0,43
BRDA:1053,154,1,2
BRDA:1077,155,0,45
BRDA:1077,155,1,45
BRDA:1113,156,0,0
BRDA:1113,156,1,0
BRDA:1118,157,0,0
BRDA:1118,157,1,0
BRDA:1118,158,0,0
BRDA:1118,158,1,0
BRDA:1126,159,0,23
BRDA:1126,159,1,22
BRDA:1140,160,0,30
BRDA:1140,160,1,28
BRDA:1182,161,0,84
BRDA:1182,161,1,30
BRDA:1216,162,0,0
BRDA:1216,162,1,0
BRDA:1221,163,0,0
BRDA:1221,163,1,0
BRDA:1221,164,0,0
BRDA:1221,164,1,0
BRDA:1229,165,0,2
BRDA:1229,165,1,123
BRDA:1247,166,0,123
BRDA:1247,166,1,0
BRDA:1251,167,0,9
BRDA:1251,167,1,4
BRDA:1252,168,0,5
BRDA:1252,168,1,4
BRDA:1280,169,0,115
BRDA:1280,169,1,8
BRDA:1287,170,0,0
BRDA:1287,170,1,122
BRDA:1289,171,0,122
BRDA:1289,171,1,114
BRDA:1292,172,0,1
BRDA:1292,172,1,5
BRDA:1316,173,0,8
BRDA:1316,173,1,114
BRDA:1376,174,0,81
BRDA:1376,174,1,42
BRDA:1377,175,0,43
BRDA:1377,175,1,80
BRF:360
BRH:281
end_of_record
TN:
SF:modules\state-store.js
FN:3,(anonymous_0)
FN:23,loadState
FN:43,persistState
FN:47,identityReducer
FN:51,createStore
FN:54,applyState
FN:61,(anonymous_6)
FN:64,(anonymous_7)
FN:67,(anonymous_8)
FN:71,(anonymous_9)
FNF:10
FNH:9
FNDA:58,(anonymous_0)
FNDA:38,loadState
FNDA:206,persistState
FNDA:0,identityReducer
FNDA:36,createStore
FNDA:204,applyState
FNDA:36,(anonymous_6)
FNDA:1,(anonymous_7)
FNDA:203,(anonymous_8)
FNDA:1,(anonymous_9)
DA:1,36
DA:3,58
DA:24,38
DA:25,38
DA:27,4
DA:28,4
DA:29,4
DA:31,4
DA:39,1
DA:44,206
DA:48,0
DA:52,36
DA:55,204
DA:56,204
DA:57,204
DA:60,36
DA:62,36
DA:65,1
DA:68,203
DA:69,203
DA:72,1
LF:21
LH:20
BRDA:25,0,0,34
BRDA:25,0,1,4
BRDA:34,1,0,0
BRDA:34,1,1,3
BRDA:35,2,0,38
BRDA:35,2,1,0
BRDA:36,3,0,38
BRDA:36,3,1,3
BRDA:51,4,0,36
BRDA:51,5,0,36
BRF:10
BRH:8
end_of_record
TN:
SF:modules\theme-manager.js
FN:1,normalizeThemeMode
FN:5,createThemeManager
FN:9,applyTheme
FN:21,initSystemTheme
FN:30,(anonymous_4)
FN:43,dispose
FNF:6
FNH:5
FNDA:118,normalizeThemeMode
FNDA:38,createThemeManager
FNDA:77,applyTheme
FNDA:39,initSystemTheme
FNDA:0,(anonymous_4)
FNDA:37,dispose
DA:2,118
DA:6,38
DA:7,38
DA:10,77
DA:11,77
DA:13,77
DA:14,76
DA:15,76
DA:18,77
DA:22,39
DA:23,1
DA:24,1
DA:27,38
DA:28,38
DA:30,38
DA:31,0
DA:32,0
DA:36,38
DA:37,37
DA:38,1
DA:39,1
DA:44,37
DA:46,37
DA:47,36
DA:48,1
DA:49,1
DA:52,37
DA:53,37
DA:56,38
LF:29
LH:27
BRDA:2,0,0,115
BRDA:2,0,1,3
BRDA:9,1,0,77
BRDA:13,2,0,76
BRDA:13,2,1,1
BRDA:14,3,0,76
BRDA:14,3,1,76
BRDA:15,4,0,2
BRDA:15,4,1,74
BRDA:22,5,0,1
BRDA:22,5,1,38
BRDA:31,6,0,0
BRDA:31,6,1,0
BRDA:36,7,0,37
BRDA:36,7,1,1
BRDA:38,8,0,1
BRDA:38,8,1,0
BRDA:44,9,0,0
BRDA:44,9,1,37
BRDA:44,10,0,37
BRDA:44,10,1,37
BRDA:46,11,0,36
BRDA:46,11,1,1
BRDA:48,12,0,1
BRDA:48,12,1,0
BRF:25
BRH:20
end_of_record
TN:
SF:modules\timer-manager.js
FN:4,toClock
FN:12,createTimerManager
FN:15,renderTimer
FN:29,stopInterval
FN:34,ensureInterval
FN:39,startTimer
FN:55,stopTimer
FN:87,setSelectedDetailPlan
FN:95,startTimerForDetailPlan
FN:123,addManualSession
FN:152,updateTrackedSession
FN:160,(anonymous_11)
FN:199,syncFromState
FN:209,dispose
FNF:14
FNH:14
FNDA:192,toClock
FNDA:43,createTimerManager
FNDA:350,renderTimer
FNDA:84,stopInterval
FNDA:6,ensureInterval
FNDA:2,startTimer
FNDA:4,stopTimer
FNDA:1,setSelectedDetailPlan
FNDA:4,startTimerForDetailPlan
FNDA:3,addManualSession
FNDA:2,updateTrackedSession
FNDA:2,(anonymous_11)
FNDA:39,syncFromState
FNDA:36,dispose
DA:5,192
DA:6,192
DA:7,192
DA:8,192
DA:9,192
DA:13,43
DA:16,350
DA:17,350
DA:19,349
DA:20,349
DA:21,157
DA:22,157
DA:25,192
DA:26,192
DA:30,84
DA:31,84
DA:35,6
DA:36,6
DA:40,2
DA:41,2
DA:43,1
DA:50,2
DA:51,2
DA:52,2
DA:56,4
DA:57,4
DA:59,4
DA:60,4
DA:61,4
DA:62,4
DA:63,4
DA:64,4
DA:65,4
DA:67,4
DA:76,4
DA:78,4
DA:79,4
DA:82,4
DA:83,4
DA:84,4
DA:88,1
DA:92,1
DA:96,4
DA:97,4
DA:99,4
DA:100,2
DA:101,2
DA:106,4
DA:110,4
DA:117,4
DA:118,4
DA:119,4
DA:120,4
DA:124,3
DA:125,3
DA:126,3
DA:127,0
DA:130,3
DA:131,3
DA:132,3
DA:133,0
DA:136,3
DA:137,3
DA:146,3
DA:147,3
DA:148,3
DA:149,3
DA:153,2
DA:154,2
DA:155,2
DA:156,2
DA:157,0
DA:160,2
DA:161,2
DA:162,0
DA:165,2
DA:166,2
DA:167,2
DA:168,0
DA:171,2
DA:172,2
DA:173,0
DA:175,2
DA:183,2
DA:184,2
DA:193,2
DA:194,2
DA:195,2
DA:196,2
DA:200,39
DA:201,39
DA:202,1
DA:204,38
DA:206,39
DA:210,36
DA:213,43
LF:96
LH:90
BRDA:17,0,0,1
BRDA:17,0,1,349
BRDA:20,1,0,157
BRDA:20,1,1,192
BRDA:41,2,0,1
BRDA:41,2,1,1
BRDA:47,3,0,1
BRDA:47,3,1,1
BRDA:55,4,0,4
BRDA:57,5,0,0
BRDA:57,5,1,4
BRDA:60,6,0,4
BRDA:60,6,1,1
BRDA:61,7,0,4
BRDA:61,7,1,2
BRDA:73,8,0,4
BRDA:73,8,1,0
BRDA:78,9,0,4
BRDA:78,9,1,0
BRDA:78,10,0,4
BRDA:78,10,1,4
BRDA:90,11,0,1
BRDA:90,11,1,0
BRDA:96,12,0,4
BRDA:96,12,1,0
BRDA:99,13,0,2
BRDA:99,13,1,2
BRDA:100,14,0,2
BRDA:100,14,1,0
BRDA:124,15,0,3
BRDA:124,15,1,0
BRDA:126,16,0,0
BRDA:126,16,1,3
BRDA:126,17,0,3
BRDA:126,17,1,3
BRDA:126,17,2,3
BRDA:132,18,0,0
BRDA:132,18,1,3
BRDA:142,19,0,3
BRDA:142,19,1,0
BRDA:143,20,0,3
BRDA:143,20,1,1
BRDA:153,21,0,2
BRDA:153,21,1,0
BRDA:154,22,0,2
BRDA:154,22,1,0
BRDA:156,23,0,0
BRDA:156,23,1,2
BRDA:156,24,0,2
BRDA:156,24,1,2
BRDA:156,24,2,2
BRDA:156,24,3,2
BRDA:161,25,0,0
BRDA:161,25,1,2
BRDA:167,26,0,0
BRDA:167,26,1,2
BRDA:172,27,0,0
BRDA:172,27,1,2
BRDA:189,28,0,2
BRDA:189,28,1,0
BRDA:190,29,0,2
BRDA:190,29,1,1
BRDA:201,30,0,1
BRDA:201,30,1,38
BRF:64
BRH:47
end_of_record
