TN:
SF:app.js
FN:27,(anonymous_0)
FN:28,(anonymous_1)
FN:31,(anonymous_2)
FN:32,(anonymous_3)
FN:33,(anonymous_4)
FN:36,(anonymous_5)
FN:37,(anonymous_6)
FN:41,getMainCardDefaultCollapsed
FN:46,setMainCardCollapsed
FN:56,initMainCardCollapse
FN:59,(anonymous_10)
FN:67,(anonymous_11)
FN:69,applyDefaultCollapsedState
FN:71,(anonymous_13)
FN:76,(anonymous_14)
FN:77,(anonymous_15)
FN:85,(anonymous_16)
FN:88,(anonymous_17)
FN:94,(anonymous_18)
FN:99,(anonymous_19)
FN:102,(anonymous_20)
FN:105,getState
FN:109,dispatch
FN:114,touchActivity
FN:118,renderAll
FN:152,loadDemoData
FN:169,setInitialValues
FN:207,initHandlers
FN:257,(anonymous_28)
FN:278,(anonymous_29)
FN:294,bootstrap
FN:303,shutdown
FNF:32
FNH:21
FNDA:0,(anonymous_0)
FNDA:0,(anonymous_1)
FNDA:0,(anonymous_2)
FNDA:0,(anonymous_3)
FNDA:0,(anonymous_4)
FNDA:0,(anonymous_5)
FNDA:0,(anonymous_6)
FNDA:36,getMainCardDefaultCollapsed
FNDA:217,setMainCardCollapsed
FNDA:34,initMainCardCollapse
FNDA:204,(anonymous_10)
FNDA:0,(anonymous_11)
FNDA:36,applyDefaultCollapsedState
FNDA:216,(anonymous_13)
FNDA:204,(anonymous_14)
FNDA:1,(anonymous_15)
FNDA:0,(anonymous_16)
FNDA:2,(anonymous_17)
FNDA:34,(anonymous_18)
FNDA:0,(anonymous_19)
FNDA:0,(anonymous_20)
FNDA:1387,getState
FNDA:200,dispatch
FNDA:79,touchActivity
FNDA:119,renderAll
FNDA:1,loadDemoData
FNDA:35,setInitialValues
FNDA:34,initHandlers
FNDA:35,(anonymous_28)
FNDA:35,(anonymous_29)
FNDA:34,bootstrap
FNDA:33,shutdown
DA:23,33
DA:24,33
DA:25,33
DA:26,33
DA:30,33
DA:35,33
DA:39,33
DA:42,36
DA:43,36
DA:47,217
DA:48,217
DA:49,217
DA:50,217
DA:51,217
DA:57,34
DA:58,34
DA:60,204
DA:61,204
DA:62,204
DA:63,204
DA:67,34
DA:70,36
DA:71,36
DA:72,216
DA:76,34
DA:77,204
DA:78,1
DA:79,1
DA:83,34
DA:85,34
DA:87,34
DA:88,34
DA:89,2
DA:92,34
DA:93,34
DA:94,34
DA:97,0
DA:98,0
DA:99,0
DA:102,0
DA:106,1387
DA:110,200
DA:111,200
DA:115,79
DA:119,119
DA:120,119
DA:123,119
DA:125,119
DA:126,119
DA:131,119
DA:135,119
DA:141,119
DA:142,119
DA:146,119
DA:147,119
DA:148,119
DA:149,119
DA:153,1
DA:154,1
DA:163,1
DA:164,1
DA:165,1
DA:166,1
DA:170,35
DA:171,35
DA:173,35
DA:174,35
DA:175,33
DA:178,35
DA:179,35
DA:180,33
DA:183,35
DA:184,35
DA:185,35
DA:186,1
DA:189,35
DA:190,35
DA:191,35
DA:192,0
DA:195,35
DA:198,35
DA:199,35
DA:202,35
DA:203,35
DA:204,35
DA:208,34
DA:210,33
DA:237,33
DA:242,33
DA:248,33
DA:253,33
DA:256,33
DA:257,35
DA:260,33
DA:265,33
DA:273,33
DA:275,33
DA:278,35
DA:283,33
DA:285,33
DA:290,33
DA:295,34
DA:296,34
DA:297,34
DA:298,34
DA:299,34
DA:300,34
DA:304,33
DA:305,33
DA:306,33
DA:307,33
DA:308,33
LF:112
LH:107
BRDA:42,0,0,0
BRDA:42,0,1,36
BRDA:49,1,0,13
BRDA:49,1,1,204
BRDA:50,2,0,13
BRDA:50,2,1,204
BRDA:51,3,0,13
BRDA:51,3,1,204
BRDA:62,4,0,0
BRDA:62,4,1,204
BRDA:67,5,0,0
BRDA:67,5,1,34
BRDA:85,6,0,0
BRDA:85,6,1,34
BRDA:92,7,0,34
BRDA:92,7,1,0
BRDA:97,8,0,0
BRDA:97,8,1,0
BRDA:119,9,0,119
BRDA:119,9,1,1
BRDA:174,10,0,33
BRDA:174,10,1,2
BRDA:179,11,0,33
BRDA:179,11,1,2
BRDA:179,12,0,35
BRDA:179,12,1,35
BRDA:185,13,0,1
BRDA:185,13,1,34
BRDA:191,14,0,0
BRDA:191,14,1,35
BRDA:198,15,0,35
BRDA:198,15,1,0
BRDA:208,16,0,1
BRDA:208,16,1,33
BRF:34
BRH:25
end_of_record
TN:
SF:modules\app-reducer.js
FN:1,appReducer
FN:16,(anonymous_1)
FN:23,(anonymous_2)
FN:35,(anonymous_3)
FN:39,(anonymous_4)
FN:51,(anonymous_5)
FN:55,(anonymous_6)
FN:67,(anonymous_7)
FN:72,(anonymous_8)
FN:81,(anonymous_9)
FN:86,(anonymous_10)
FN:101,(anonymous_11)
FN:106,(anonymous_12)
FN:115,(anonymous_13)
FN:122,(anonymous_14)
FN:134,(anonymous_15)
FN:142,(anonymous_16)
FN:153,(anonymous_17)
FN:233,(anonymous_18)
FNF:19
FNH:19
FNDA:233,appReducer
FNDA:3,(anonymous_1)
FNDA:15,(anonymous_2)
FNDA:4,(anonymous_3)
FNDA:3,(anonymous_4)
FNDA:3,(anonymous_5)
FNDA:2,(anonymous_6)
FNDA:3,(anonymous_7)
FNDA:2,(anonymous_8)
FNDA:2,(anonymous_9)
FNDA:2,(anonymous_10)
FNDA:2,(anonymous_11)
FNDA:4,(anonymous_12)
FNDA:3,(anonymous_13)
FNDA:3,(anonymous_14)
FNDA:2,(anonymous_15)
FNDA:3,(anonymous_16)
FNDA:4,(anonymous_17)
FNDA:1,(anonymous_18)
DA:2,233
DA:4,80
DA:12,23
DA:14,2
DA:17,3
DA:21,14
DA:24,15
DA:33,3
DA:36,4
DA:40,3
DA:49,2
DA:52,3
DA:56,2
DA:65,2
DA:68,3
DA:72,2
DA:79,1
DA:81,2
DA:84,1
DA:87,2
DA:97,18
DA:99,1
DA:101,2
DA:104,4
DA:107,4
DA:111,13
DA:113,2
DA:116,3
DA:120,2
DA:122,3
DA:132,1
DA:135,2
DA:139,1
DA:142,3
DA:146,3
DA:151,2
DA:154,4
DA:158,4
DA:172,5
DA:180,3
DA:189,34
DA:197,4
DA:205,1
DA:213,1
DA:221,2
DA:229,1
DA:233,1
DA:239,2
DA:241,0
DA:246,1
LF:50
LH:49
BRDA:2,0,0,80
BRDA:2,0,1,23
BRDA:2,0,2,2
BRDA:2,0,3,14
BRDA:2,0,4,3
BRDA:2,0,5,2
BRDA:2,0,6,2
BRDA:2,0,7,1
BRDA:2,0,8,1
BRDA:2,0,9,18
BRDA:2,0,10,1
BRDA:2,0,11,4
BRDA:2,0,12,13
BRDA:2,0,13,2
BRDA:2,0,14,2
BRDA:2,0,15,1
BRDA:2,0,16,1
BRDA:2,0,17,3
BRDA:2,0,18,2
BRDA:2,0,19,4
BRDA:2,0,20,5
BRDA:2,0,21,3
BRDA:2,0,22,34
BRDA:2,0,23,4
BRDA:2,0,24,1
BRDA:2,0,25,1
BRDA:2,0,26,2
BRDA:2,0,27,1
BRDA:2,0,28,2
BRDA:2,0,29,0
BRDA:2,0,30,1
BRDA:17,1,0,2
BRDA:17,1,1,1
BRDA:24,2,0,14
BRDA:24,2,1,1
BRDA:27,3,0,14
BRDA:27,3,1,14
BRDA:36,4,0,3
BRDA:36,4,1,1
BRDA:39,5,0,3
BRDA:39,5,1,0
BRDA:40,6,0,3
BRDA:40,6,1,0
BRDA:52,7,0,2
BRDA:52,7,1,1
BRDA:55,8,0,2
BRDA:55,8,1,0
BRDA:56,9,0,2
BRDA:56,9,1,0
BRDA:68,10,0,2
BRDA:68,10,1,1
BRDA:71,11,0,2
BRDA:71,11,1,0
BRDA:87,12,0,1
BRDA:87,12,1,1
BRDA:107,13,0,3
BRDA:107,13,1,1
BRDA:116,14,0,2
BRDA:116,14,1,1
BRDA:124,15,0,1
BRDA:124,15,1,1
BRDA:135,16,0,1
BRDA:135,16,1,1
BRDA:154,17,0,2
BRDA:154,17,1,2
BRDA:163,18,0,4
BRDA:163,18,1,0
BRDA:168,19,0,0
BRDA:168,19,1,0
BRF:69
BRH:60
end_of_record
TN:
SF:modules\app-utils.js
FN:1,uid
FNF:1
FNH:1
FNDA:122,uid
DA:2,122
LF:1
LH:1
BRDA:2,0,0,122
BRDA:2,0,1,0
BRDA:2,1,0,122
BRDA:2,1,1,122
BRF:4
BRH:3
end_of_record
TN:
SF:modules\calendar-manager.js
FN:13,createCalendarManager
FN:14,getCalendarMonth
FN:19,setCalendarMonth
FN:23,getCalendarEvents
FN:27,(anonymous_4)
FN:28,(anonymous_5)
FN:36,(anonymous_6)
FN:52,(anonymous_7)
FN:60,(anonymous_8)
FN:66,renderViewState
FN:102,renderCalendarLegend
FN:106,(anonymous_11)
FN:121,renderCalendar
FN:137,(anonymous_13)
FN:144,(anonymous_14)
FN:167,(anonymous_15)
FNF:16
FNH:16
FNDA:37,createCalendarManager
FNDA:122,getCalendarMonth
FNDA:1,setCalendarMonth
FNDA:120,getCalendarEvents
FNDA:84,(anonymous_4)
FNDA:84,(anonymous_5)
FNDA:33,(anonymous_6)
FNDA:1,(anonymous_7)
FNDA:57,(anonymous_8)
FNDA:123,renderViewState
FNDA:120,renderCalendarLegend
FNDA:360,(anonymous_11)
FNDA:122,renderCalendar
FNDA:118,(anonymous_13)
FNDA:840,(anonymous_14)
FNDA:106,(anonymous_15)
DA:5,44
DA:11,44
DA:15,122
DA:16,122
DA:20,1
DA:24,120
DA:26,120
DA:27,84
DA:28,84
DA:36,120
DA:37,33
DA:38,33
DA:39,33
DA:40,33
DA:41,33
DA:43,33
DA:52,120
DA:60,120
DA:61,57
DA:62,40
DA:67,123
DA:68,123
DA:69,123
DA:70,123
DA:71,123
DA:72,123
DA:73,123
DA:75,123
DA:78,123
DA:79,123
DA:81,123
DA:82,123
DA:84,123
DA:85,123
DA:88,123
DA:89,123
DA:90,123
DA:92,123
DA:93,123
DA:94,123
DA:96,123
DA:97,123
DA:98,123
DA:103,120
DA:104,120
DA:106,120
DA:107,360
DA:108,360
DA:110,360
DA:111,360
DA:113,360
DA:114,360
DA:116,360
DA:117,360
DA:122,122
DA:123,122
DA:124,122
DA:126,120
DA:127,120
DA:128,120
DA:129,120
DA:130,120
DA:131,120
DA:132,122
DA:134,122
DA:136,122
DA:137,122
DA:138,118
DA:139,118
DA:142,122
DA:143,122
DA:144,122
DA:145,840
DA:146,840
DA:147,840
DA:148,840
DA:151,122
DA:152,122
DA:153,122
DA:154,5040
DA:155,5040
DA:156,5040
DA:158,5040
DA:159,5040
DA:161,5040
DA:162,5040
DA:163,5040
DA:164,5040
DA:166,5040
DA:167,5040
DA:168,106
DA:169,106
DA:170,106
DA:171,106
DA:172,106
DA:173,106
DA:176,5040
DA:179,5040
DA:180,5040
DA:181,5040
DA:184,37
LF:101
LH:101
BRDA:16,0,0,122
BRDA:16,0,1,1
BRDA:26,1,0,120
BRDA:26,1,1,0
BRDA:33,2,0,1
BRDA:33,2,1,83
BRDA:38,3,0,33
BRDA:38,3,1,5
BRDA:38,3,2,3
BRDA:38,3,3,0
BRDA:40,4,0,30
BRDA:40,4,1,3
BRDA:41,5,0,30
BRDA:41,5,1,3
BRDA:41,6,0,33
BRDA:41,6,1,33
BRDA:56,7,0,1
BRDA:56,7,1,0
BRDA:57,8,0,1
BRDA:57,8,1,0
BRDA:61,9,0,17
BRDA:61,9,1,40
BRDA:75,10,0,122
BRDA:75,10,1,1
BRDA:78,11,0,123
BRDA:78,11,1,0
BRDA:81,12,0,123
BRDA:81,12,1,0
BRDA:84,13,0,123
BRDA:84,13,1,0
BRDA:88,14,0,123
BRDA:88,14,1,0
BRDA:92,15,0,123
BRDA:92,15,1,0
BRDA:96,16,0,123
BRDA:96,16,1,0
BRDA:124,17,0,2
BRDA:124,17,1,120
BRDA:124,18,0,122
BRDA:124,18,1,121
BRDA:131,19,0,120
BRDA:131,19,1,0
BRDA:138,20,0,107
BRDA:138,20,1,11
BRDA:156,21,0,5040
BRDA:156,21,1,4320
BRDA:159,22,0,3720
BRDA:159,22,1,1320
BRDA:166,23,0,5040
BRDA:166,23,1,4945
BRDA:169,24,0,106
BRDA:169,24,1,0
BRDA:171,25,0,106
BRDA:171,25,1,2
BRF:54
BRH:42
end_of_record
TN:
SF:modules\date-utils.js
FN:1,dateOnly
FN:5,isoWeekParts
FN:18,mondayOfIsoWeek
FN:25,parseWeekValue
FN:36,weekValueFromDate
FN:44,weekDateFromValue
FN:49,weekOverlapsMonth
FN:62,formatCalendarWeek
FN:69,formatDate
FN:74,monthOf
FN:80,nowIso
FN:84,addDays
FN:90,formatYmd
FN:98,isWithinNextSixMonths
FNF:14
FNH:12
FNDA:0,dateOnly
FNDA:8,isoWeekParts
FNDA:68,mondayOfIsoWeek
FNDA:68,parseWeekValue
FNDA:10,weekValueFromDate
FNDA:19,weekDateFromValue
FNDA:49,weekOverlapsMonth
FNDA:99,formatCalendarWeek
FNDA:281,formatDate
FNDA:99,monthOf
FNDA:331,nowIso
FNDA:5222,addDays
FNDA:5111,formatYmd
FNDA:0,isWithinNextSixMonths
DA:2,0
DA:6,8
DA:7,8
DA:8,8
DA:9,8
DA:10,8
DA:12,8
DA:19,68
DA:20,68
DA:21,68
DA:22,68
DA:26,68
DA:27,68
DA:29,68
DA:30,68
DA:31,68
DA:33,68
DA:37,10
DA:38,10
DA:40,8
DA:41,8
DA:45,19
DA:46,19
DA:50,49
DA:51,49
DA:53,49
DA:54,57
DA:55,48
DA:59,1
DA:63,99
DA:64,99
DA:65,99
DA:66,97
DA:70,281
DA:71,281
DA:75,99
DA:76,99
DA:77,99
DA:81,331
DA:85,5222
DA:86,5222
DA:87,5222
DA:91,5111
DA:92,5111
DA:93,5111
DA:94,5111
DA:95,5111
DA:99,0
DA:100,0
DA:101,0
DA:102,0
DA:103,0
DA:104,0
LF:53
LH:46
BRDA:7,0,0,8
BRDA:7,0,1,2
BRDA:20,1,0,68
BRDA:20,1,1,68
BRDA:26,2,0,68
BRDA:26,2,1,0
BRDA:27,3,0,0
BRDA:27,3,1,68
BRDA:31,4,0,0
BRDA:31,4,1,68
BRDA:31,5,0,68
BRDA:31,5,1,68
BRDA:38,6,0,2
BRDA:38,6,1,8
BRDA:46,7,0,19
BRDA:46,7,1,0
BRDA:51,8,0,0
BRDA:51,8,1,49
BRDA:54,9,0,48
BRDA:54,9,1,9
BRDA:63,10,0,97
BRDA:63,10,1,2
BRDA:63,11,0,99
BRDA:63,11,1,0
BRDA:65,12,0,2
BRDA:65,12,1,97
BRDA:104,13,0,0
BRDA:104,13,1,0
BRF:28
BRH:20
end_of_record
TN:
SF:modules\demo-data.js
FN:4,buildDemoState
FNF:1
FNH:1
FNDA:2,buildDemoState
DA:5,2
DA:6,2
DA:7,2
DA:8,2
DA:9,2
DA:10,2
DA:11,2
DA:12,2
DA:13,2
DA:14,2
DA:15,2
DA:16,2
DA:17,2
DA:18,2
DA:19,2
DA:20,2
DA:21,2
DA:23,2
DA:24,2
DA:25,2
DA:26,2
DA:27,2
DA:28,2
DA:29,2
DA:30,2
DA:31,2
DA:32,2
DA:34,2
LF:28
LH:28
BRF:0
BRH:0
end_of_record
TN:
SF:modules\detail-plan-utils.js
FN:1,getGoalById
FN:3,(anonymous_1)
FN:6,getRoughPlanById
FN:8,(anonymous_3)
FN:11,getMilestoneById
FN:13,(anonymous_5)
FN:16,resolveDetailPlanContext
FNF:7
FNH:7
FNDA:182,getGoalById
FNDA:194,(anonymous_1)
FNDA:182,getRoughPlanById
FNDA:191,(anonymous_3)
FNDA:182,getMilestoneById
FNDA:160,(anonymous_5)
FNDA:182,resolveDetailPlanContext
DA:2,182
DA:3,194
DA:7,182
DA:8,191
DA:12,182
DA:13,160
DA:17,182
DA:18,182
DA:19,182
DA:21,182
LF:10
LH:10
BRDA:2,0,0,14
BRDA:2,0,1,168
BRDA:2,1,0,182
BRDA:2,1,1,168
BRDA:3,2,0,168
BRDA:3,2,1,0
BRDA:7,3,0,17
BRDA:7,3,1,165
BRDA:7,4,0,182
BRDA:7,4,1,165
BRDA:8,5,0,165
BRDA:8,5,1,0
BRDA:12,6,0,27
BRDA:12,6,1,155
BRDA:12,7,0,182
BRDA:12,7,1,168
BRDA:12,7,2,155
BRDA:13,8,0,155
BRDA:13,8,1,0
BRDA:18,9,0,182
BRDA:18,9,1,14
BRF:21
BRH:18
end_of_record
TN:
SF:modules\dom.js
FN:1,byId
FNF:1
FNH:1
FNDA:7200,byId
DA:2,7200
LF:1
LH:1
BRF:0
BRH:0
end_of_record
TN:
SF:modules\form-handlers.js
FN:5,initFormHandlers
FN:31,resetGoalForm
FN:40,populateGoalDropdown
FN:44,(anonymous_3)
FN:47,(anonymous_4)
FN:50,(anonymous_5)
FN:51,(anonymous_6)
FN:59,resetRoughForm
FN:77,startRoughEdit
FN:96,startGoalEdit
FN:106,resetTrackedForm
FN:122,startTrackedEdit
FN:144,(anonymous_12)
FN:184,(anonymous_13)
FN:218,(anonymous_14)
FN:240,(anonymous_15)
FN:242,(anonymous_16)
FN:248,(anonymous_17)
FN:255,(anonymous_18)
FN:270,updateTimerButtons
FN:277,(anonymous_20)
FN:291,(anonymous_21)
FN:303,(anonymous_22)
FN:313,(anonymous_23)
FN:318,(anonymous_24)
FN:319,(anonymous_25)
FN:320,(anonymous_26)
FN:321,(anonymous_27)
FN:322,(anonymous_28)
FN:327,(anonymous_29)
FN:356,(anonymous_30)
FN:361,applyThemeModeSelection
FN:371,(anonymous_32)
FN:376,(anonymous_33)
FN:377,(anonymous_34)
FN:383,(anonymous_35)
FN:396,(anonymous_36)
FN:400,(anonymous_37)
FN:411,(anonymous_38)
FN:415,(anonymous_39)
FNF:40
FNH:33
FNDA:38,initFormHandlers
FNDA:67,resetGoalForm
FNDA:119,populateGoalDropdown
FNDA:83,(anonymous_3)
FNDA:57,(anonymous_4)
FNDA:5,(anonymous_5)
FNDA:82,(anonymous_6)
FNDA:60,resetRoughForm
FNDA:2,startRoughEdit
FNDA:2,startGoalEdit
FNDA:46,resetTrackedForm
FNDA:1,startTrackedEdit
FNDA:26,(anonymous_12)
FNDA:19,(anonymous_13)
FNDA:1,(anonymous_14)
FNDA:114,(anonymous_15)
FNDA:5,(anonymous_16)
FNDA:1,(anonymous_17)
FNDA:1,(anonymous_18)
FNDA:41,updateTimerButtons
FNDA:1,(anonymous_20)
FNDA:0,(anonymous_21)
FNDA:2,(anonymous_22)
FNDA:2,(anonymous_23)
FNDA:0,(anonymous_24)
FNDA:0,(anonymous_25)
FNDA:0,(anonymous_26)
FNDA:0,(anonymous_27)
FNDA:0,(anonymous_28)
FNDA:5,(anonymous_29)
FNDA:2,(anonymous_30)
FNDA:1,applyThemeModeSelection
FNDA:0,(anonymous_32)
FNDA:114,(anonymous_33)
FNDA:1,(anonymous_34)
FNDA:2,(anonymous_35)
FNDA:1,(anonymous_36)
FNDA:2,(anonymous_37)
FNDA:1,(anonymous_38)
FNDA:2,(anonymous_39)
DA:32,67
DA:33,67
DA:34,67
DA:35,67
DA:36,67
DA:37,67
DA:41,119
DA:42,119
DA:44,119
DA:45,119
DA:47,119
DA:49,119
DA:50,5
DA:52,82
DA:53,82
DA:54,82
DA:55,82
DA:60,60
DA:61,60
DA:62,60
DA:63,60
DA:64,60
DA:65,60
DA:66,60
DA:68,60
DA:69,60
DA:70,60
DA:71,60
DA:72,60
DA:73,60
DA:74,60
DA:78,2
DA:79,2
DA:80,2
DA:81,2
DA:82,2
DA:83,2
DA:84,2
DA:86,2
DA:87,2
DA:88,2
DA:89,2
DA:90,2
DA:91,2
DA:92,2
DA:93,2
DA:97,2
DA:98,2
DA:99,2
DA:100,2
DA:101,2
DA:102,2
DA:103,2
DA:107,46
DA:108,46
DA:109,46
DA:110,46
DA:111,46
DA:112,46
DA:114,46
DA:115,46
DA:116,46
DA:117,46
DA:118,46
DA:119,46
DA:123,1
DA:124,1
DA:125,1
DA:126,1
DA:127,1
DA:128,1
DA:129,1
DA:131,1
DA:132,1
DA:133,1
DA:134,1
DA:135,1
DA:136,1
DA:137,1
DA:138,1
DA:141,38
DA:142,38
DA:144,38
DA:145,26
DA:146,26
DA:147,26
DA:148,26
DA:149,26
DA:150,26
DA:152,25
DA:153,2
DA:160,23
DA:175,25
DA:176,25
DA:177,25
DA:180,38
DA:182,38
DA:184,38
DA:185,19
DA:186,19
DA:187,19
DA:188,19
DA:189,19
DA:190,19
DA:191,19
DA:192,19
DA:194,19
DA:195,1
DA:203,18
DA:209,19
DA:210,19
DA:211,19
DA:214,38
DA:216,38
DA:217,38
DA:218,5
DA:219,1
DA:220,1
DA:221,1
DA:222,1
DA:223,1
DA:224,1
DA:226,1
DA:232,1
DA:233,1
DA:234,1
DA:238,38
DA:240,38
DA:241,114
DA:242,114
DA:243,5
DA:244,5
DA:248,38
DA:249,1
DA:250,1
DA:251,1
DA:252,1
DA:255,38
DA:256,1
DA:257,1
DA:258,1
DA:259,1
DA:262,38
DA:263,38
DA:264,38
DA:266,38
DA:267,38
DA:268,38
DA:271,41
DA:272,41
DA:273,41
DA:276,38
DA:277,38
DA:278,1
DA:280,0
DA:281,0
DA:282,0
DA:283,0
DA:285,1
DA:287,1
DA:290,38
DA:291,33
DA:292,0
DA:293,0
DA:294,0
DA:296,0
DA:298,0
DA:299,0
DA:302,38
DA:303,38
DA:304,2
DA:305,2
DA:306,2
DA:307,2
DA:308,2
DA:312,38
DA:313,38
DA:314,2
DA:318,38
DA:319,38
DA:320,38
DA:321,38
DA:322,38
DA:323,0
DA:324,0
DA:327,38
DA:328,5
DA:329,5
DA:330,5
DA:331,5
DA:332,5
DA:333,5
DA:335,5
DA:350,5
DA:351,5
DA:354,38
DA:356,38
DA:357,2
DA:358,2
DA:362,1
DA:366,1
DA:369,38
DA:370,38
DA:371,0
DA:372,0
DA:376,38
DA:377,114
DA:378,1
DA:379,1
DA:383,38
DA:384,2
DA:385,2
DA:386,2
DA:387,2
DA:389,1
DA:390,1
DA:393,1
DA:396,38
DA:397,1
DA:400,38
DA:401,2
DA:402,2
DA:403,2
DA:404,2
DA:406,1
DA:407,1
DA:408,1
DA:411,38
DA:412,1
DA:415,38
DA:416,2
DA:417,2
DA:418,1
DA:419,1
DA:420,1
DA:421,1
DA:422,1
DA:423,1
DA:426,38
LF:239
LH:225
BRDA:42,0,0,0
BRDA:42,0,1,119
BRDA:68,1,0,60
BRDA:68,1,1,0
BRDA:69,2,0,60
BRDA:69,2,1,0
BRDA:70,3,0,60
BRDA:70,3,1,0
BRDA:71,4,0,60
BRDA:71,4,1,0
BRDA:72,5,0,60
BRDA:72,5,1,0
BRDA:73,6,0,60
BRDA:73,6,1,0
BRDA:74,7,0,60
BRDA:74,7,1,0
BRDA:86,8,0,2
BRDA:86,8,1,0
BRDA:87,9,0,2
BRDA:87,9,1,0
BRDA:87,10,0,2
BRDA:87,10,1,0
BRDA:88,11,0,2
BRDA:88,11,1,0
BRDA:89,12,0,2
BRDA:89,12,1,0
BRDA:89,13,0,2
BRDA:89,13,1,1
BRDA:90,14,0,2
BRDA:90,14,1,0
BRDA:90,15,0,2
BRDA:90,15,1,2
BRDA:91,16,0,2
BRDA:91,16,1,0
BRDA:92,17,0,2
BRDA:92,17,1,0
BRDA:93,18,0,2
BRDA:93,18,1,0
BRDA:100,19,0,2
BRDA:100,19,1,0
BRDA:114,20,0,46
BRDA:114,20,1,0
BRDA:115,21,0,46
BRDA:115,21,1,0
BRDA:116,22,0,46
BRDA:116,22,1,0
BRDA:117,23,0,46
BRDA:117,23,1,0
BRDA:118,24,0,46
BRDA:118,24,1,0
BRDA:119,25,0,46
BRDA:119,25,1,0
BRDA:131,26,0,1
BRDA:131,26,1,0
BRDA:132,27,0,1
BRDA:132,27,1,0
BRDA:133,28,0,1
BRDA:133,28,1,0
BRDA:133,29,0,1
BRDA:133,29,1,0
BRDA:134,30,0,1
BRDA:134,30,1,0
BRDA:134,31,0,1
BRDA:134,31,1,0
BRDA:135,32,0,1
BRDA:135,32,1,0
BRDA:135,33,0,1
BRDA:135,33,1,1
BRDA:136,34,0,1
BRDA:136,34,1,0
BRDA:137,35,0,1
BRDA:137,35,1,0
BRDA:138,36,0,1
BRDA:138,36,1,0
BRDA:150,37,0,1
BRDA:150,37,1,25
BRDA:150,38,0,26
BRDA:150,38,1,25
BRDA:152,39,0,2
BRDA:152,39,1,23
BRDA:191,40,0,19
BRDA:191,40,1,3
BRDA:192,41,0,0
BRDA:192,41,1,19
BRDA:192,42,0,19
BRDA:192,42,1,19
BRDA:192,42,2,19
BRDA:194,43,0,1
BRDA:194,43,1,18
BRDA:217,44,0,5
BRDA:217,44,1,33
BRDA:224,45,0,0
BRDA:224,45,1,1
BRDA:224,46,0,1
BRDA:224,46,1,1
BRDA:224,46,2,1
BRDA:241,47,0,0
BRDA:241,47,1,114
BRDA:271,48,0,41
BRDA:271,48,1,0
BRDA:271,49,0,41
BRDA:271,49,1,1
BRDA:272,50,0,34
BRDA:272,50,1,7
BRDA:272,51,0,34
BRDA:272,51,1,0
BRDA:273,52,0,41
BRDA:273,52,1,0
BRDA:276,53,0,38
BRDA:276,53,1,0
BRDA:278,54,0,0
BRDA:278,54,1,1
BRDA:290,55,0,33
BRDA:290,55,1,5
BRDA:296,56,0,0
BRDA:296,56,1,0
BRDA:298,57,0,0
BRDA:298,57,1,0
BRDA:302,58,0,38
BRDA:302,58,1,0
BRDA:314,59,0,2
BRDA:314,59,1,0
BRDA:323,60,0,0
BRDA:323,60,1,0
BRDA:332,61,0,5
BRDA:332,61,1,0
BRDA:333,62,0,5
BRDA:333,62,1,2
BRDA:335,63,0,2
BRDA:335,63,1,3
BRDA:350,64,0,0
BRDA:350,64,1,5
BRDA:370,65,0,0
BRDA:370,65,1,38
BRDA:378,66,0,0
BRDA:378,66,1,1
BRDA:385,67,0,2
BRDA:385,67,1,2
BRDA:387,68,0,1
BRDA:387,68,1,1
BRDA:389,69,0,1
BRDA:389,69,1,0
BRDA:402,70,0,2
BRDA:402,70,1,2
BRDA:404,71,0,1
BRDA:404,71,1,1
BRDA:417,72,0,1
BRDA:417,72,1,1
BRF:148
BRH:93
end_of_record
TN:
SF:modules\ics-manager.js
FN:7,downloadFile
FN:19,createIcsManager
FN:20,setStatus
FN:24,replaceImportedEvents
FN:25,(anonymous_4)
FN:40,importFromFile
FN:75,buildExportEvents
FN:78,(anonymous_7)
FN:94,(anonymous_8)
FN:101,(anonymous_9)
FN:104,exportToFile
FNF:11
FNH:11
FNDA:2,downloadFile
FNDA:39,createIcsManager
FNDA:6,setStatus
FNDA:1,replaceImportedEvents
FNDA:1,(anonymous_4)
FNDA:4,importFromFile
FNDA:3,buildExportEvents
FNDA:2,(anonymous_7)
FNDA:2,(anonymous_8)
FNDA:2,(anonymous_9)
FNDA:3,exportToFile
DA:8,2
DA:9,2
DA:10,2
DA:11,2
DA:12,2
DA:13,2
DA:14,2
DA:15,2
DA:16,2
DA:21,6
DA:25,1
DA:36,1
DA:37,1
DA:41,4
DA:42,1
DA:45,3
DA:46,3
DA:47,2
DA:48,2
DA:49,1
DA:52,1
DA:59,1
DA:60,1
DA:61,1
DA:63,1
DA:69,1
DA:70,1
DA:71,1
DA:76,3
DA:78,3
DA:79,2
DA:80,2
DA:81,2
DA:82,2
DA:83,2
DA:84,1
DA:86,2
DA:94,3
DA:101,3
DA:105,3
DA:106,3
DA:107,1
DA:108,1
DA:109,1
DA:112,2
DA:113,2
DA:114,2
DA:116,2
DA:117,2
DA:119,2
DA:125,39
LF:51
LH:51
BRDA:41,0,0,1
BRDA:41,0,1,3
BRDA:48,1,0,1
BRDA:48,1,1,1
BRDA:80,2,0,2
BRDA:80,2,1,2
BRDA:80,2,2,1
BRDA:80,2,3,0
BRDA:82,3,0,0
BRDA:82,3,1,2
BRDA:83,4,0,1
BRDA:83,4,1,1
BRDA:83,5,0,2
BRDA:83,5,1,2
BRDA:87,6,0,2
BRDA:87,6,1,1
BRDA:95,7,0,2
BRDA:95,7,1,1
BRDA:98,8,0,2
BRDA:98,8,1,1
BRDA:106,9,0,1
BRDA:106,9,1,2
BRF:22
BRH:20
end_of_record
TN:
SF:modules\ics-utils.js
FN:3,normalizeIcs
FN:7,getIcsProp
FN:8,(anonymous_2)
FN:14,parseIcsDate
FN:32,hashText
FN:40,parseIcsEvents
FN:45,(anonymous_6)
FN:46,(anonymous_7)
FN:49,(anonymous_8)
FN:52,(anonymous_9)
FN:66,(anonymous_10)
FN:74,escapeIcsText
FN:82,toIcsDate
FN:90,toIcsDateTimeUtc
FN:101,serializeEventsToIcs
FN:110,(anonymous_15)
FNF:16
FNH:16
FNDA:4,normalizeIcs
FNDA:15,getIcsProp
FNDA:28,(anonymous_2)
FNDA:8,parseIcsDate
FNDA:6,hashText
FNDA:3,parseIcsEvents
FNDA:4,(anonymous_6)
FNDA:4,(anonymous_7)
FNDA:19,(anonymous_8)
FNDA:4,(anonymous_9)
FNDA:4,(anonymous_10)
FNDA:16,escapeIcsText
FNDA:11,toIcsDate
FNDA:6,toIcsDateTimeUtc
FNDA:3,serializeEventsToIcs
FNDA:5,(anonymous_15)
DA:4,4
DA:8,28
DA:9,15
DA:10,13
DA:11,13
DA:15,8
DA:17,7
DA:18,4
DA:21,3
DA:22,3
DA:24,2
DA:25,2
DA:29,8
DA:33,6
DA:34,6
DA:35,245
DA:37,6
DA:41,3
DA:42,3
DA:44,3
DA:45,4
DA:47,4
DA:49,19
DA:53,4
DA:54,4
DA:55,4
DA:57,4
DA:65,3
DA:66,3
DA:67,4
DA:68,4
DA:69,3
DA:70,3
DA:75,16
DA:83,11
DA:84,11
DA:85,11
DA:86,11
DA:87,11
DA:91,6
DA:92,6
DA:93,6
DA:94,6
DA:95,6
DA:96,6
DA:97,6
DA:98,6
DA:102,3
DA:110,3
DA:111,5
DA:112,5
DA:114,5
DA:115,5
DA:116,5
DA:117,5
DA:118,5
DA:119,5
DA:120,5
DA:121,5
DA:124,3
DA:125,3
LF:61
LH:61
BRDA:8,0,0,28
BRDA:8,0,1,19
BRDA:9,1,0,2
BRDA:9,1,1,13
BRDA:11,2,0,13
BRDA:11,2,1,0
BRDA:15,3,0,1
BRDA:15,3,1,7
BRDA:17,4,0,4
BRDA:17,4,1,3
BRDA:22,5,0,1
BRDA:22,5,1,2
BRDA:25,6,0,2
BRDA:25,6,1,0
BRDA:55,7,0,0
BRDA:55,7,1,4
BRDA:58,8,0,4
BRDA:58,8,1,0
BRDA:59,9,0,4
BRDA:59,9,1,1
BRDA:68,10,0,1
BRDA:68,10,1,3
BRDA:75,11,0,16
BRDA:75,11,1,1
BRF:24
BRH:20
end_of_record
TN:
SF:modules\json-manager.js
FN:9,downloadFile
FN:21,mergeById
FN:24,(anonymous_2)
FN:30,(anonymous_3)
FN:39,collectValidArray
FN:49,(anonymous_5)
FN:58,normalizeSettings
FN:101,normalizeTimer
FN:114,buildMergedState
FN:126,(anonymous_9)
FN:147,createJsonManager
FN:148,setStatus
FN:154,exportToFile
FN:171,importFromFile
FN:188,(anonymous_14)
FNF:15
FNH:15
FNDA:1,downloadFile
FNDA:10,mergeById
FNDA:2,(anonymous_2)
FNDA:3,(anonymous_3)
FNDA:10,collectValidArray
FNDA:4,(anonymous_5)
FNDA:2,normalizeSettings
FNDA:2,normalizeTimer
FNDA:2,buildMergedState
FNDA:10,(anonymous_9)
FNDA:37,createJsonManager
FNDA:4,setStatus
FNDA:1,exportToFile
FNDA:4,importFromFile
FNDA:10,(anonymous_14)
DA:6,44
DA:7,44
DA:10,1
DA:11,1
DA:12,1
DA:13,1
DA:14,1
DA:15,1
DA:16,1
DA:17,1
DA:18,1
DA:22,10
DA:24,10
DA:25,2
DA:26,2
DA:30,10
DA:31,3
DA:32,3
DA:36,10
DA:40,10
DA:41,8
DA:48,2
DA:49,4
DA:51,2
DA:59,2
DA:60,2
DA:61,0
DA:64,2
DA:65,1
DA:68,2
DA:72,0
DA:75,2
DA:76,0
DA:79,2
DA:80,2
DA:81,1
DA:83,1
DA:87,2
DA:91,0
DA:94,2
DA:95,1
DA:98,2
DA:102,2
DA:103,2
DA:104,2
DA:107,0
DA:108,0
DA:111,0
DA:115,2
DA:116,2
DA:117,2
DA:119,2
DA:126,2
DA:127,10
DA:128,10
DA:129,8
DA:131,10
DA:132,1
DA:137,10
DA:138,10
DA:141,2
DA:142,2
DA:144,2
DA:149,4
DA:150,4
DA:151,4
DA:155,1
DA:156,1
DA:157,1
DA:159,1
DA:161,1
DA:162,1
DA:164,1
DA:172,4
DA:173,1
DA:176,3
DA:177,3
DA:178,3
DA:180,3
DA:181,0
DA:182,0
DA:183,0
DA:186,2
DA:188,10
DA:189,2
DA:192,4
DA:194,4
DA:202,1
DA:203,1
DA:204,1
DA:208,37
LF:91
LH:81
BRDA:21,0,0,10
BRDA:21,1,0,10
BRDA:25,2,0,2
BRDA:25,2,1,0
BRDA:25,3,0,2
BRDA:25,3,1,2
BRDA:25,3,2,2
BRDA:31,4,0,3
BRDA:31,4,1,0
BRDA:31,5,0,3
BRDA:31,5,1,3
BRDA:31,5,2,3
BRDA:40,6,0,8
BRDA:40,6,1,2
BRDA:49,7,0,4
BRDA:49,7,1,4
BRDA:49,7,2,4
BRDA:60,8,0,0
BRDA:60,8,1,2
BRDA:60,9,0,2
BRDA:60,9,1,2
BRDA:64,10,0,1
BRDA:64,10,1,1
BRDA:64,11,0,2
BRDA:64,11,1,1
BRDA:68,12,0,0
BRDA:68,12,1,2
BRDA:69,13,0,2
BRDA:69,13,1,2
BRDA:75,14,0,0
BRDA:75,14,1,2
BRDA:79,15,0,2
BRDA:79,15,1,0
BRDA:80,16,0,1
BRDA:80,16,1,1
BRDA:87,17,0,0
BRDA:87,17,1,2
BRDA:88,18,0,2
BRDA:88,18,1,2
BRDA:94,19,0,1
BRDA:94,19,1,1
BRDA:103,20,0,2
BRDA:103,20,1,0
BRDA:103,21,0,2
BRDA:103,21,1,0
BRDA:107,22,0,0
BRDA:107,22,1,0
BRDA:107,23,0,0
BRDA:107,23,1,0
BRDA:122,24,0,2
BRDA:122,24,1,0
BRDA:123,25,0,2
BRDA:123,25,1,0
BRDA:128,26,0,8
BRDA:128,26,1,2
BRDA:131,27,0,1
BRDA:131,27,1,9
BRDA:150,28,0,0
BRDA:150,28,1,4
BRDA:172,29,0,1
BRDA:172,29,1,3
BRDA:180,30,0,0
BRDA:180,30,1,3
BRDA:180,31,0,3
BRDA:180,31,1,2
BRDA:180,31,2,2
BRDA:189,32,0,2
BRDA:189,32,1,0
BRF:68
BRH:50
end_of_record
TN:
SF:modules\list-render-utils.js
FN:1,buildRow
FN:22,(anonymous_1)
FN:34,(anonymous_2)
FN:53,renderEmptyList
FNF:4
FNH:4
FNDA:178,buildRow
FNDA:21,(anonymous_1)
FNDA:210,(anonymous_2)
FNDA:536,renderEmptyList
DA:2,178
DA:3,178
DA:14,178
DA:15,178
DA:16,178
DA:17,178
DA:18,178
DA:19,178
DA:20,178
DA:21,178
DA:22,11
DA:23,21
DA:24,21
DA:27,167
DA:29,178
DA:31,178
DA:32,178
DA:34,178
DA:35,210
DA:36,0
DA:38,210
DA:41,178
DA:42,178
DA:43,178
DA:44,178
DA:45,178
DA:46,178
DA:47,178
DA:49,178
DA:50,178
DA:54,536
LF:31
LH:30
BRDA:1,0,0,178
BRDA:1,1,0,178
BRDA:1,2,0,178
BRDA:9,3,0,1
BRDA:9,3,1,177
BRDA:21,4,0,11
BRDA:21,4,1,167
BRDA:23,5,0,10
BRDA:23,5,1,11
BRDA:35,6,0,0
BRDA:35,6,1,210
BRDA:35,7,0,210
BRDA:35,7,1,0
BRF:13
BRH:11
end_of_record
TN:
SF:modules\pomodoro-manager.js
FN:6,getPhaseDurationSeconds
FN:13,formatCountdown
FN:19,sendNotification
FN:26,requestNotificationPermission
FN:33,createPomodoroManager
FN:41,persist
FN:48,stopCountdown
FN:53,nextBreakPhase
FN:60,onPhaseEnd
FN:92,startCountdown
FN:96,(anonymous_10)
FN:105,start
FN:116,pause
FN:125,skipPhase
FN:142,reset
FN:156,getPomodoroState
FN:166,syncFromState
FN:186,(anonymous_17)
FN:209,dispose
FN:213,cancel
FN:222,save
FN:237,saveAndReset
FNF:22
FNH:18
FNDA:45,getPhaseDurationSeconds
FNDA:154,formatCountdown
FNDA:0,sendNotification
FNDA:2,requestNotificationPermission
FNDA:41,createPomodoroManager
FNDA:8,persist
FNDA:41,stopCountdown
FNDA:2,nextBreakPhase
FNDA:0,onPhaseEnd
FNDA:2,startCountdown
FNDA:0,(anonymous_10)
FNDA:2,start
FNDA:1,pause
FNDA:2,skipPhase
FNDA:2,reset
FNDA:154,getPomodoroState
FNDA:36,syncFromState
FNDA:0,(anonymous_17)
FNDA:33,dispose
FNDA:1,cancel
FNDA:1,save
FNDA:1,saveAndReset
DA:1,44
DA:2,44
DA:3,44
DA:4,44
DA:7,45
DA:8,2
DA:9,1
DA:10,0
DA:14,154
DA:15,154
DA:16,154
DA:20,0
DA:21,0
DA:22,0
DA:27,2
DA:28,0
DA:29,0
DA:34,41
DA:35,41
DA:36,41
DA:37,41
DA:38,41
DA:39,41
DA:42,8
DA:49,41
DA:50,41
DA:54,2
DA:55,1
DA:57,1
DA:61,0
DA:62,0
DA:64,0
DA:65,0
DA:66,0
DA:67,0
DA:69,0
DA:70,0
DA:71,0
DA:72,0
DA:73,0
DA:76,0
DA:77,0
DA:82,0
DA:83,0
DA:84,0
DA:85,0
DA:86,0
DA:89,0
DA:93,2
DA:94,2
DA:95,2
DA:96,2
DA:97,0
DA:98,0
DA:99,0
DA:100,0
DA:106,2
DA:107,2
DA:108,2
DA:109,2
DA:110,2
DA:112,2
DA:113,2
DA:117,1
DA:118,1
DA:119,1
DA:120,1
DA:121,1
DA:122,1
DA:126,2
DA:127,2
DA:129,2
DA:130,2
DA:131,2
DA:132,2
DA:134,0
DA:136,2
DA:137,2
DA:138,2
DA:139,2
DA:143,2
DA:144,2
DA:145,2
DA:146,2
DA:148,2
DA:149,2
DA:150,2
DA:151,2
DA:152,2
DA:153,2
DA:157,154
DA:167,36
DA:168,36
DA:170,36
DA:171,36
DA:173,36
DA:174,0
DA:175,0
DA:176,0
DA:182,0
DA:184,0
DA:185,0
DA:186,0
DA:187,0
DA:188,0
DA:189,0
DA:190,0
DA:194,0
DA:195,0
DA:198,36
DA:199,36
DA:200,36
DA:206,36
DA:210,33
DA:214,1
DA:215,1
DA:216,1
DA:218,1
DA:219,1
DA:224,1
DA:228,0
DA:229,0
DA:230,0
DA:231,0
DA:232,0
DA:233,0
DA:238,1
DA:239,1
DA:242,41
LF:129
LH:80
BRDA:7,0,0,43
BRDA:7,0,1,2
BRDA:8,1,0,1
BRDA:8,1,1,1
BRDA:9,2,0,1
BRDA:9,2,1,0
BRDA:20,3,0,0
BRDA:20,3,1,0
BRDA:21,4,0,0
BRDA:21,4,1,0
BRDA:27,5,0,2
BRDA:27,5,1,0
BRDA:28,6,0,0
BRDA:28,6,1,0
BRDA:54,7,0,1
BRDA:54,7,1,1
BRDA:54,8,0,2
BRDA:54,8,1,2
BRDA:64,9,0,0
BRDA:64,9,1,0
BRDA:76,10,0,0
BRDA:76,10,1,0
BRDA:99,11,0,0
BRDA:99,11,1,0
BRDA:106,12,0,0
BRDA:106,12,1,2
BRDA:109,13,0,2
BRDA:109,13,1,0
BRDA:117,14,0,0
BRDA:117,14,1,1
BRDA:129,15,0,2
BRDA:129,15,1,0
BRDA:145,16,0,2
BRDA:145,16,1,0
BRDA:168,17,0,0
BRDA:168,17,1,36
BRDA:170,18,0,36
BRDA:170,18,1,0
BRDA:171,19,0,36
BRDA:171,19,1,35
BRDA:173,20,0,0
BRDA:173,20,1,36
BRDA:173,21,0,36
BRDA:173,21,1,0
BRDA:178,22,0,0
BRDA:178,22,1,0
BRDA:184,23,0,0
BRDA:184,23,1,0
BRDA:189,24,0,0
BRDA:189,24,1,0
BRDA:201,25,0,36
BRDA:201,25,1,0
BRDA:224,26,0,0
BRDA:224,26,1,1
BRDA:224,27,0,1
BRDA:224,27,1,1
BRF:56
BRH:25
end_of_record
TN:
SF:modules\render-main-view.js
FN:14,parseIsoWeek
FN:23,parseCalendarWeekLabel
FN:32,getWeekPartsFromPlan
FN:40,toMinutes
FN:44,sum
FN:45,(anonymous_5)
FN:48,parseTimeToMinutes
FN:58,formatMinutesAsTime
FN:65,getDetailPlanFocusTitle
FN:70,buildDetailPlanSelectionLabel
FN:83,roughPlansByGoalComparator
FN:85,(anonymous_11)
FN:88,(anonymous_12)
FN:100,roughPlansByWeekComparator
FN:120,isDetailPlanHiddenByCompletion
FN:121,(anonymous_15)
FN:123,(anonymous_16)
FN:124,(anonymous_17)
FN:124,(anonymous_18)
FN:132,renderGoals
FN:137,(anonymous_20)
FN:145,updateCollapseAllButton
FN:149,(anonymous_22)
FN:158,setGoalCollapsed
FN:171,(anonymous_24)
FN:184,(anonymous_25)
FN:203,(anonymous_26)
FN:205,(anonymous_27)
FN:207,(anonymous_28)
FN:225,(anonymous_29)
FN:260,(anonymous_30)
FN:284,(anonymous_31)
FN:303,(anonymous_32)
FN:322,(anonymous_33)
FN:380,(anonymous_34)
FN:392,(anonymous_35)
FN:422,(anonymous_36)
FN:437,(anonymous_37)
FN:471,(anonymous_38)
FN:479,(anonymous_39)
FN:546,(anonymous_40)
FN:568,(anonymous_41)
FN:587,(anonymous_42)
FN:589,(anonymous_43)
FN:591,(anonymous_44)
FN:606,renderRoughPlans
FN:611,(anonymous_46)
FN:613,(anonymous_47)
FN:618,(anonymous_48)
FN:619,(anonymous_49)
FN:631,(anonymous_50)
FN:635,(anonymous_51)
FN:648,renderDetailPlans
FN:661,(anonymous_53)
FN:662,(anonymous_54)
FN:673,(anonymous_55)
FN:676,(anonymous_56)
FN:679,(anonymous_57)
FN:683,(anonymous_58)
FN:686,(anonymous_59)
FN:687,(anonymous_60)
FN:688,(anonymous_61)
FN:690,(anonymous_62)
FN:699,setBlockCollapsed
FN:709,updateDetailCollapseAllButton
FN:713,(anonymous_65)
FN:728,(anonymous_66)
FN:730,(anonymous_67)
FN:732,(anonymous_68)
FN:743,createDetailEntryRow
FN:761,(anonymous_70)
FN:770,(anonymous_71)
FN:776,(anonymous_72)
FN:806,createDetailBlockForm
FN:845,(anonymous_74)
FN:900,setFormVisible
FN:912,toggleFormVisibility
FN:918,resetBlockForm
FN:929,startDetailEdit
FN:955,(anonymous_79)
FN:961,(anonymous_80)
FN:973,(anonymous_81)
FN:1028,(anonymous_82)
FN:1029,(anonymous_83)
FN:1032,(anonymous_84)
FN:1033,(anonymous_85)
FN:1061,(anonymous_86)
FN:1081,(anonymous_87)
FN:1110,(anonymous_88)
FN:1128,(anonymous_89)
FN:1139,(anonymous_90)
FN:1141,(anonymous_91)
FN:1176,(anonymous_92)
FN:1182,(anonymous_93)
FN:1183,(anonymous_94)
FN:1213,(anonymous_95)
FN:1231,(anonymous_96)
FN:1244,renderTrackedSessions
FN:1249,(anonymous_98)
FN:1251,(anonymous_99)
FN:1252,(anonymous_100)
FN:1263,(anonymous_101)
FN:1274,(anonymous_102)
FN:1288,renderTimerDetailPlanSelect
FN:1294,(anonymous_104)
FN:1295,(anonymous_105)
FN:1314,(anonymous_106)
FN:1321,(anonymous_107)
FN:1324,renderPomodoro
FN:1387,renderStats
FN:1389,(anonymous_110)
FN:1390,(anonymous_111)
FN:1392,(anonymous_112)
FN:1395,(anonymous_113)
FN:1431,(anonymous_114)
FN:1432,(anonymous_115)
FN:1433,(anonymous_116)
FN:1441,(anonymous_117)
FN:1442,(anonymous_118)
FN:1443,(anonymous_119)
FN:1459,(anonymous_120)
FN:1484,(anonymous_121)
FNF:122
FNH:113
FNDA:28,parseIsoWeek
FNDA:2,parseCalendarWeekLabel
FNDA:28,getWeekPartsFromPlan
FNDA:94,toMinutes
FNDA:410,sum
FNDA:125,(anonymous_5)
FNDA:28,parseTimeToMinutes
FNDA:0,formatMinutesAsTime
FNDA:79,getDetailPlanFocusTitle
FNDA:36,buildDetailPlanSelectionLabel
FNDA:7,roughPlansByGoalComparator
FNDA:18,(anonymous_11)
FNDA:11,(anonymous_12)
FNDA:14,roughPlansByWeekComparator
FNDA:102,isDetailPlanHiddenByCompletion
FNDA:144,(anonymous_15)
FNDA:144,(anonymous_16)
FNDA:158,(anonymous_17)
FNDA:43,(anonymous_18)
FNDA:121,renderGoals
FNDA:57,(anonymous_20)
FNDA:121,updateCollapseAllButton
FNDA:81,(anonymous_22)
FNDA:85,setGoalCollapsed
FNDA:10,(anonymous_24)
FNDA:31,(anonymous_25)
FNDA:7,(anonymous_26)
FNDA:85,(anonymous_27)
FNDA:57,(anonymous_28)
FNDA:1,(anonymous_29)
FNDA:4,(anonymous_30)
FNDA:1,(anonymous_31)
FNDA:2,(anonymous_32)
FNDA:1,(anonymous_33)
FNDA:53,(anonymous_34)
FNDA:3,(anonymous_35)
FNDA:2,(anonymous_36)
FNDA:3,(anonymous_37)
FNDA:0,(anonymous_38)
FNDA:2,(anonymous_39)
FNDA:14,(anonymous_40)
FNDA:2,(anonymous_41)
FNDA:0,(anonymous_42)
FNDA:0,(anonymous_43)
FNDA:0,(anonymous_44)
FNDA:122,renderRoughPlans
FNDA:53,(anonymous_46)
FNDA:53,(anonymous_47)
FNDA:52,(anonymous_48)
FNDA:51,(anonymous_49)
FNDA:2,(anonymous_50)
FNDA:1,(anonymous_51)
FNDA:123,renderDetailPlans
FNDA:25,(anonymous_53)
FNDA:25,(anonymous_54)
FNDA:86,(anonymous_55)
FNDA:49,(anonymous_56)
FNDA:48,(anonymous_57)
FNDA:7,(anonymous_58)
FNDA:37,(anonymous_59)
FNDA:34,(anonymous_60)
FNDA:7,(anonymous_61)
FNDA:11,(anonymous_62)
FNDA:181,setBlockCollapsed
FNDA:46,updateDetailCollapseAllButton
FNDA:10,(anonymous_65)
FNDA:2,(anonymous_66)
FNDA:4,(anonymous_67)
FNDA:6,(anonymous_68)
FNDA:32,createDetailEntryRow
FNDA:1,(anonymous_70)
FNDA:4,(anonymous_71)
FNDA:1,(anonymous_72)
FNDA:170,createDetailBlockForm
FNDA:97,(anonymous_74)
FNDA:184,setFormVisible
FNDA:0,toggleFormVisibility
FNDA:13,resetBlockForm
FNDA:1,startDetailEdit
FNDA:0,(anonymous_79)
FNDA:13,(anonymous_80)
FNDA:12,(anonymous_81)
FNDA:47,(anonymous_82)
FNDA:50,(anonymous_83)
FNDA:38,(anonymous_84)
FNDA:5,(anonymous_85)
FNDA:30,(anonymous_86)
FNDA:3,(anonymous_87)
FNDA:0,(anonymous_88)
FNDA:30,(anonymous_89)
FNDA:47,(anonymous_90)
FNDA:32,(anonymous_91)
FNDA:2,(anonymous_92)
FNDA:86,(anonymous_93)
FNDA:57,(anonymous_94)
FNDA:0,(anonymous_95)
FNDA:2,(anonymous_96)
FNDA:121,renderTrackedSessions
FNDA:3,(anonymous_98)
FNDA:11,(anonymous_99)
FNDA:21,(anonymous_100)
FNDA:2,(anonymous_101)
FNDA:1,(anonymous_102)
FNDA:120,renderTimerDetailPlanSelect
FNDA:32,(anonymous_104)
FNDA:7,(anonymous_105)
FNDA:31,(anonymous_106)
FNDA:29,(anonymous_107)
FNDA:154,renderPomodoro
FNDA:121,renderStats
FNDA:47,(anonymous_110)
FNDA:36,(anonymous_111)
FNDA:12,(anonymous_112)
FNDA:86,(anonymous_113)
FNDA:86,(anonymous_114)
FNDA:84,(anonymous_115)
FNDA:84,(anonymous_116)
FNDA:36,(anonymous_117)
FNDA:36,(anonymous_118)
FNDA:33,(anonymous_119)
FNDA:43,(anonymous_120)
FNDA:117,(anonymous_121)
DA:15,28
DA:16,28
DA:17,26
DA:18,26
DA:19,26
DA:20,26
DA:24,2
DA:25,2
DA:26,2
DA:27,2
DA:28,2
DA:29,2
DA:33,28
DA:41,94
DA:45,410
DA:49,28
DA:50,28
DA:51,28
DA:52,28
DA:53,28
DA:54,28
DA:55,28
DA:59,0
DA:60,0
DA:61,0
DA:62,0
DA:66,79
DA:67,79
DA:71,36
DA:72,36
DA:73,36
DA:74,36
DA:75,33
DA:77,36
DA:78,31
DA:80,36
DA:84,7
DA:85,18
DA:87,7
DA:88,11
DA:91,7
DA:92,7
DA:94,3
DA:95,7
DA:97,0
DA:101,14
DA:102,14
DA:104,14
DA:105,14
DA:106,2
DA:108,12
DA:109,11
DA:111,0
DA:112,0
DA:113,0
DA:114,0
DA:117,1
DA:121,144
DA:122,102
DA:124,158
DA:127,102
DA:128,98
DA:129,96
DA:133,121
DA:134,121
DA:136,121
DA:137,57
DA:143,121
DA:146,121
DA:147,121
DA:148,121
DA:149,81
DA:151,121
DA:154,121
DA:155,121
DA:159,85
DA:160,85
DA:161,85
DA:162,85
DA:163,85
DA:168,121
DA:169,121
DA:171,121
DA:172,10
DA:173,4
DA:177,10
DA:180,121
DA:181,121
DA:182,121
DA:183,121
DA:184,121
DA:185,31
DA:186,31
DA:187,31
DA:188,30
DA:189,30
DA:191,31
DA:192,28
DA:196,28
DA:203,121
DA:205,121
DA:206,85
DA:207,85
DA:209,85
DA:210,2
DA:211,2
DA:213,2
DA:214,2
DA:216,2
DA:217,2
DA:219,2
DA:220,2
DA:221,2
DA:222,2
DA:223,2
DA:224,2
DA:225,2
DA:226,1
DA:234,1
DA:235,1
DA:238,2
DA:239,2
DA:240,2
DA:242,2
DA:243,2
DA:245,2
DA:246,1
DA:247,1
DA:248,1
DA:249,1
DA:252,2
DA:253,2
DA:254,2
DA:255,2
DA:256,2
DA:258,2
DA:259,2
DA:260,2
DA:261,4
DA:262,4
DA:265,4
DA:267,2
DA:270,2
DA:271,2
DA:272,2
DA:273,2
DA:275,2
DA:276,2
DA:277,2
DA:280,83
DA:281,83
DA:282,83
DA:283,83
DA:284,83
DA:285,1
DA:293,1
DA:294,1
DA:297,83
DA:298,83
DA:299,83
DA:300,83
DA:301,83
DA:302,83
DA:303,83
DA:304,2
DA:307,83
DA:308,83
DA:309,83
DA:310,83
DA:312,83
DA:313,83
DA:314,7
DA:316,83
DA:317,51
DA:320,83
DA:323,1
DA:324,1
DA:329,83
DA:330,83
DA:332,83
DA:333,83
DA:335,83
DA:336,83
DA:338,83
DA:339,83
DA:340,83
DA:341,0
DA:344,83
DA:345,83
DA:347,83
DA:348,85
DA:349,85
DA:350,24
DA:351,24
DA:352,24
DA:353,24
DA:354,24
DA:355,24
DA:356,24
DA:357,24
DA:358,24
DA:359,24
DA:360,24
DA:361,24
DA:362,24
DA:363,24
DA:364,24
DA:367,83
DA:368,83
DA:369,83
DA:371,83
DA:372,83
DA:373,83
DA:374,83
DA:376,83
DA:377,51
DA:378,51
DA:380,51
DA:381,53
DA:382,53
DA:384,53
DA:385,53
DA:387,53
DA:388,53
DA:389,53
DA:390,53
DA:391,53
DA:392,53
DA:393,3
DA:401,3
DA:402,3
DA:405,53
DA:406,53
DA:407,53
DA:408,53
DA:409,5
DA:412,53
DA:413,53
DA:414,53
DA:416,53
DA:417,53
DA:418,53
DA:419,53
DA:420,53
DA:421,53
DA:422,53
DA:423,2
DA:424,2
DA:425,2
DA:426,2
DA:427,2
DA:428,2
DA:431,53
DA:432,53
DA:433,53
DA:434,53
DA:435,53
DA:436,53
DA:437,53
DA:438,3
DA:439,3
DA:441,2
DA:448,2
DA:449,2
DA:452,53
DA:453,53
DA:454,53
DA:456,53
DA:457,53
DA:458,53
DA:459,53
DA:460,53
DA:462,53
DA:463,53
DA:464,53
DA:465,53
DA:467,53
DA:468,53
DA:469,53
DA:470,53
DA:471,53
DA:472,0
DA:473,0
DA:474,0
DA:475,0
DA:476,0
DA:479,53
DA:480,2
DA:481,2
DA:482,2
DA:484,2
DA:492,2
DA:493,2
DA:496,53
DA:498,53
DA:499,53
DA:500,53
DA:501,22
DA:502,22
DA:503,22
DA:504,22
DA:505,22
DA:506,22
DA:507,22
DA:508,22
DA:509,22
DA:510,22
DA:511,22
DA:512,22
DA:513,22
DA:514,22
DA:515,22
DA:516,22
DA:519,53
DA:520,53
DA:521,53
DA:524,51
DA:526,32
DA:527,32
DA:528,32
DA:529,32
DA:532,83
DA:533,83
DA:535,83
DA:536,83
DA:537,83
DA:538,83
DA:539,83
DA:541,83
DA:542,83
DA:543,83
DA:544,83
DA:546,83
DA:547,14
DA:548,14
DA:549,14
DA:551,14
DA:558,14
DA:559,14
DA:560,14
DA:563,83
DA:564,83
DA:566,83
DA:567,85
DA:568,85
DA:569,2
DA:570,2
DA:571,2
DA:574,85
DA:576,85
DA:577,85
DA:579,85
DA:582,121
DA:583,121
DA:584,119
DA:585,119
DA:586,119
DA:587,119
DA:588,0
DA:589,0
DA:591,0
DA:592,0
DA:594,0
DA:598,121
DA:599,41
DA:601,121
DA:602,119
DA:607,122
DA:608,122
DA:610,122
DA:612,53
DA:613,53
DA:614,46
DA:618,122
DA:619,52
DA:620,52
DA:623,52
DA:624,52
DA:626,52
DA:627,52
DA:628,52
DA:629,52
DA:630,52
DA:631,52
DA:633,52
DA:636,1
DA:637,1
DA:640,52
DA:643,122
DA:644,80
DA:656,123
DA:659,123
DA:661,25
DA:662,25
DA:667,123
DA:671,123
DA:673,123
DA:675,123
DA:677,49
DA:680,48
DA:681,46
DA:683,7
DA:685,123
DA:686,37
DA:687,34
DA:688,7
DA:690,123
DA:691,11
DA:692,5
DA:693,11
DA:694,11
DA:697,123
DA:700,181
DA:701,181
DA:702,181
DA:703,181
DA:704,181
DA:710,46
DA:711,46
DA:712,46
DA:713,10
DA:715,46
DA:718,46
DA:719,46
DA:722,123
DA:723,42
DA:724,42
DA:725,39
DA:726,39
DA:727,39
DA:728,39
DA:729,2
DA:730,4
DA:732,2
DA:733,6
DA:735,2
DA:740,123
DA:741,123
DA:744,32
DA:745,32
DA:746,32
DA:747,32
DA:748,32
DA:749,32
DA:751,32
DA:752,32
DA:754,32
DA:756,32
DA:757,32
DA:758,32
DA:759,32
DA:760,32
DA:761,32
DA:763,32
DA:764,32
DA:765,32
DA:766,32
DA:767,32
DA:768,32
DA:769,32
DA:770,32
DA:771,4
DA:774,32
DA:777,1
DA:778,1
DA:779,1
DA:784,32
DA:785,32
DA:786,32
DA:787,32
DA:789,32
DA:790,32
DA:792,32
DA:793,32
DA:794,32
DA:795,32
DA:796,32
DA:797,32
DA:798,32
DA:800,32
DA:801,32
DA:803,32
DA:815,170
DA:816,170
DA:817,170
DA:819,170
DA:820,170
DA:821,170
DA:822,170
DA:824,170
DA:825,170
DA:826,170
DA:827,170
DA:828,170
DA:829,170
DA:830,170
DA:831,170
DA:832,170
DA:834,170
DA:835,170
DA:836,170
DA:837,170
DA:838,170
DA:840,170
DA:841,170
DA:842,170
DA:843,170
DA:845,170
DA:846,97
DA:847,97
DA:848,97
DA:849,97
DA:852,97
DA:854,170
DA:856,170
DA:857,170
DA:858,170
DA:859,170
DA:860,170
DA:861,170
DA:862,170
DA:863,170
DA:865,170
DA:866,170
DA:867,170
DA:868,170
DA:869,170
DA:870,170
DA:871,170
DA:872,170
DA:874,170
DA:875,170
DA:876,170
DA:877,170
DA:878,170
DA:879,170
DA:880,170
DA:881,170
DA:883,170
DA:884,170
DA:885,170
DA:886,170
DA:887,170
DA:888,170
DA:889,170
DA:891,170
DA:892,170
DA:893,170
DA:894,170
DA:895,170
DA:896,170
DA:897,170
DA:898,170
DA:901,184
DA:902,184
DA:903,184
DA:906,184
DA:907,184
DA:908,184
DA:913,0
DA:914,0
DA:915,0
DA:919,13
DA:920,13
DA:921,13
DA:922,13
DA:923,13
DA:924,13
DA:925,13
DA:926,13
DA:930,1
DA:931,1
DA:932,1
DA:933,1
DA:934,1
DA:935,1
DA:936,1
DA:941,1
DA:942,1
DA:944,0
DA:945,0
DA:946,0
DA:947,0
DA:949,1
DA:950,1
DA:951,1
DA:952,1
DA:955,170
DA:956,0
DA:957,0
DA:960,170
DA:961,170
DA:962,13
DA:964,13
DA:965,13
DA:966,13
DA:967,13
DA:968,13
DA:969,13
DA:970,13
DA:971,13
DA:972,13
DA:973,13
DA:975,13
DA:976,13
DA:977,13
DA:978,13
DA:980,13
DA:992,13
DA:993,1
DA:1001,12
DA:1013,13
DA:1014,13
DA:1015,13
DA:1016,13
DA:1019,170
DA:1021,170
DA:1028,123
DA:1029,50
DA:1030,47
DA:1031,47
DA:1032,38
DA:1033,5
DA:1035,47
DA:1036,47
DA:1038,47
DA:1039,47
DA:1041,47
DA:1042,47
DA:1044,47
DA:1045,47
DA:1049,47
DA:1050,47
DA:1051,47
DA:1058,47
DA:1060,47
DA:1061,47
DA:1062,47
DA:1063,47
DA:1064,47
DA:1065,47
DA:1067,47
DA:1068,47
DA:1069,47
DA:1070,47
DA:1071,47
DA:1073,47
DA:1074,47
DA:1075,47
DA:1076,47
DA:1078,47
DA:1079,47
DA:1081,47
DA:1082,3
DA:1083,3
DA:1084,3
DA:1087,47
DA:1088,47
DA:1089,47
DA:1090,47
DA:1091,47
DA:1092,47
DA:1093,47
DA:1095,47
DA:1096,47
DA:1097,47
DA:1098,47
DA:1099,47
DA:1101,47
DA:1110,47
DA:1111,0
DA:1112,0
DA:1114,0
DA:1115,0
DA:1116,0
DA:1119,0
DA:1120,0
DA:1123,47
DA:1125,47
DA:1126,47
DA:1127,47
DA:1128,25
DA:1129,30
DA:1132,22
DA:1134,47
DA:1135,47
DA:1136,47
DA:1139,123
DA:1140,123
DA:1141,32
DA:1144,123
DA:1145,123
DA:1147,123
DA:1148,123
DA:1150,123
DA:1151,123
DA:1153,123
DA:1154,123
DA:1155,123
DA:1156,123
DA:1157,123
DA:1158,123
DA:1160,123
DA:1161,123
DA:1162,123
DA:1163,123
DA:1164,123
DA:1166,123
DA:1167,123
DA:1168,123
DA:1169,123
DA:1171,123
DA:1172,123
DA:1176,123
DA:1177,2
DA:1178,2
DA:1179,2
DA:1182,123
DA:1183,86
DA:1186,123
DA:1187,123
DA:1188,123
DA:1189,123
DA:1190,123
DA:1191,123
DA:1192,123
DA:1194,123
DA:1195,123
DA:1196,123
DA:1197,123
DA:1198,123
DA:1204,123
DA:1213,123
DA:1214,0
DA:1215,0
DA:1217,0
DA:1218,0
DA:1219,0
DA:1222,0
DA:1223,0
DA:1226,123
DA:1228,123
DA:1229,123
DA:1230,123
DA:1231,2
DA:1232,2
DA:1235,121
DA:1237,123
DA:1239,123
DA:1241,123
DA:1245,121
DA:1246,121
DA:1248,121
DA:1249,121
DA:1251,121
DA:1252,21
DA:1253,11
DA:1257,11
DA:1258,11
DA:1259,11
DA:1260,11
DA:1261,11
DA:1262,11
DA:1263,11
DA:1264,2
DA:1267,11
DA:1269,11
DA:1275,1
DA:1276,1
DA:1280,11
DA:1283,121
DA:1284,113
DA:1289,120
DA:1290,120
DA:1292,120
DA:1293,120
DA:1294,32
DA:1296,7
DA:1297,7
DA:1298,5
DA:1307,120
DA:1309,120
DA:1310,120
DA:1311,120
DA:1312,120
DA:1314,120
DA:1315,31
DA:1316,31
DA:1317,31
DA:1318,31
DA:1321,120
DA:1325,154
DA:1326,154
DA:1327,154
DA:1328,154
DA:1329,154
DA:1330,154
DA:1331,154
DA:1333,154
DA:1334,0
DA:1336,154
DA:1338,154
DA:1340,154
DA:1341,154
DA:1343,154
DA:1348,154
DA:1350,154
DA:1351,154
DA:1352,154
DA:1353,616
DA:1354,616
DA:1355,616
DA:1356,616
DA:1359,154
DA:1360,154
DA:1363,154
DA:1364,154
DA:1365,154
DA:1367,154
DA:1368,154
DA:1371,0
DA:1372,0
DA:1373,0
DA:1374,0
DA:1378,154
DA:1379,154
DA:1380,154
DA:1381,154
DA:1382,0
DA:1383,0
DA:1389,121
DA:1390,36
DA:1392,121
DA:1394,121
DA:1395,121
DA:1408,121
DA:1411,121
DA:1412,121
DA:1414,121
DA:1415,121
DA:1417,121
DA:1418,121
DA:1419,121
DA:1421,121
DA:1422,121
DA:1423,121
DA:1425,121
DA:1426,121
DA:1428,121
DA:1430,121
DA:1431,86
DA:1432,84
DA:1433,84
DA:1440,121
DA:1441,36
DA:1442,36
DA:1445,33
DA:1449,33
DA:1459,121
DA:1460,43
DA:1461,43
DA:1462,9
DA:1463,3
DA:1465,6
DA:1468,121
DA:1470,121
DA:1471,121
DA:1472,121
DA:1473,121
DA:1475,121
DA:1476,121
DA:1478,121
DA:1479,40
DA:1480,40
DA:1481,40
DA:1484,81
DA:1485,117
DA:1486,117
DA:1488,117
DA:1489,117
DA:1491,117
DA:1492,117
DA:1493,117
DA:1495,117
DA:1496,117
DA:1499,81
LF:886
LH:836
BRDA:15,0,0,28
BRDA:15,0,1,0
BRDA:16,1,0,2
BRDA:16,1,1,26
BRDA:19,2,0,0
BRDA:19,2,1,26
BRDA:19,3,0,26
BRDA:19,3,1,26
BRDA:24,4,0,2
BRDA:24,4,1,0
BRDA:25,5,0,0
BRDA:25,5,1,2
BRDA:28,6,0,0
BRDA:28,6,1,2
BRDA:28,7,0,2
BRDA:28,7,1,2
BRDA:34,8,0,28
BRDA:34,8,1,2
BRDA:34,8,2,0
BRDA:49,9,0,0
BRDA:49,9,1,28
BRDA:49,10,0,28
BRDA:49,10,1,28
BRDA:53,11,0,0
BRDA:53,11,1,28
BRDA:53,12,0,28
BRDA:53,12,1,28
BRDA:54,13,0,0
BRDA:54,13,1,28
BRDA:54,14,0,28
BRDA:54,14,1,28
BRDA:54,14,2,28
BRDA:54,14,3,28
BRDA:59,15,0,0
BRDA:59,15,1,0
BRDA:67,16,0,79
BRDA:67,16,1,11
BRDA:67,16,2,9
BRDA:67,16,3,0
BRDA:74,17,0,33
BRDA:74,17,1,3
BRDA:77,18,0,31
BRDA:77,18,1,5
BRDA:77,19,0,36
BRDA:77,19,1,31
BRDA:84,20,0,7
BRDA:84,20,1,0
BRDA:85,21,0,7
BRDA:85,21,1,0
BRDA:87,22,0,7
BRDA:87,22,1,0
BRDA:88,23,0,7
BRDA:88,23,1,0
BRDA:92,24,0,4
BRDA:92,24,1,3
BRDA:94,25,0,3
BRDA:94,25,1,0
BRDA:94,26,0,7
BRDA:94,26,1,0
BRDA:95,27,0,3
BRDA:95,27,1,4
BRDA:97,28,0,0
BRDA:97,28,1,0
BRDA:97,29,0,7
BRDA:97,29,1,0
BRDA:104,30,0,14
BRDA:104,30,1,0
BRDA:104,31,0,14
BRDA:104,31,1,14
BRDA:105,32,0,2
BRDA:105,32,1,12
BRDA:108,33,0,11
BRDA:108,33,1,1
BRDA:111,34,0,0
BRDA:111,34,1,0
BRDA:111,35,0,0
BRDA:111,35,1,0
BRDA:113,36,0,0
BRDA:113,36,1,0
BRDA:113,37,0,0
BRDA:113,37,1,0
BRDA:117,38,0,1
BRDA:117,38,1,0
BRDA:117,39,0,14
BRDA:117,39,1,0
BRDA:121,40,0,102
BRDA:121,40,1,0
BRDA:123,41,0,102
BRDA:123,41,1,0
BRDA:124,42,0,144
BRDA:124,42,1,0
BRDA:127,43,0,4
BRDA:127,43,1,98
BRDA:127,44,0,102
BRDA:127,44,1,97
BRDA:128,45,0,2
BRDA:128,45,1,96
BRDA:128,46,0,98
BRDA:128,46,1,84
BRDA:147,47,0,0
BRDA:147,47,1,121
BRDA:151,48,0,80
BRDA:151,48,1,41
BRDA:154,49,0,80
BRDA:154,49,1,41
BRDA:155,50,0,80
BRDA:155,50,1,41
BRDA:161,51,0,1
BRDA:161,51,1,84
BRDA:162,52,0,1
BRDA:162,52,1,84
BRDA:163,53,0,1
BRDA:163,53,1,84
BRDA:171,54,0,121
BRDA:171,54,1,2
BRDA:172,55,0,6
BRDA:172,55,1,4
BRDA:175,56,0,4
BRDA:175,56,1,4
BRDA:175,57,0,10
BRDA:175,57,1,0
BRDA:184,58,0,121
BRDA:184,58,1,2
BRDA:185,59,0,31
BRDA:185,59,1,0
BRDA:186,60,0,31
BRDA:186,60,1,27
BRDA:187,61,0,30
BRDA:187,61,1,1
BRDA:188,62,0,30
BRDA:188,62,1,25
BRDA:189,63,0,30
BRDA:189,63,1,28
BRDA:191,64,0,28
BRDA:191,64,1,3
BRDA:194,65,0,28
BRDA:194,65,1,23
BRDA:198,66,0,28
BRDA:198,66,1,26
BRDA:206,67,0,55
BRDA:206,67,1,30
BRDA:209,68,0,2
BRDA:209,68,1,83
BRDA:231,69,0,0
BRDA:231,69,1,1
BRDA:245,70,0,1
BRDA:245,70,1,1
BRDA:252,71,0,2
BRDA:252,71,1,0
BRDA:262,72,0,3
BRDA:262,72,1,1
BRDA:290,73,0,0
BRDA:290,73,1,1
BRDA:313,74,0,7
BRDA:313,74,1,76
BRDA:316,75,0,51
BRDA:316,75,1,32
BRDA:340,76,0,0
BRDA:340,76,1,83
BRDA:347,77,0,83
BRDA:347,77,1,59
BRDA:348,78,0,85
BRDA:348,78,1,79
BRDA:349,79,0,24
BRDA:349,79,1,61
BRDA:376,80,0,51
BRDA:376,80,1,32
BRDA:408,81,0,5
BRDA:408,81,1,48
BRDA:439,82,0,1
BRDA:439,82,1,2
BRDA:482,83,0,0
BRDA:482,83,1,2
BRDA:498,84,0,53
BRDA:498,84,1,31
BRDA:499,85,0,53
BRDA:499,85,1,49
BRDA:500,86,0,22
BRDA:500,86,1,31
BRDA:549,87,0,0
BRDA:549,87,1,14
BRDA:566,88,0,83
BRDA:566,88,1,83
BRDA:583,89,0,119
BRDA:583,89,1,2
BRDA:598,90,0,41
BRDA:598,90,1,80
BRDA:601,91,0,119
BRDA:601,91,1,2
BRDA:612,92,0,7
BRDA:612,92,1,46
BRDA:619,93,0,45
BRDA:619,93,1,7
BRDA:620,94,0,45
BRDA:620,94,1,7
BRDA:623,95,0,52
BRDA:623,95,1,0
BRDA:624,96,0,14
BRDA:624,96,1,38
BRDA:643,97,0,80
BRDA:643,97,1,42
BRDA:673,98,0,123
BRDA:673,98,1,0
BRDA:677,99,0,49
BRDA:677,99,1,0
BRDA:680,100,0,2
BRDA:680,100,1,46
BRDA:690,101,0,123
BRDA:690,101,1,2
BRDA:691,102,0,6
BRDA:691,102,1,5
BRDA:692,103,0,5
BRDA:692,103,1,5
BRDA:693,104,0,11
BRDA:693,104,1,0
BRDA:702,105,0,6
BRDA:702,105,1,175
BRDA:703,106,0,6
BRDA:703,106,1,175
BRDA:704,107,0,6
BRDA:704,107,1,175
BRDA:711,108,0,0
BRDA:711,108,1,46
BRDA:715,109,0,5
BRDA:715,109,1,41
BRDA:718,110,0,5
BRDA:718,110,1,41
BRDA:719,111,0,5
BRDA:719,111,1,41
BRDA:722,112,0,42
BRDA:722,112,1,81
BRDA:724,113,0,39
BRDA:724,113,1,3
BRDA:741,114,0,117
BRDA:741,114,1,6
BRDA:743,115,0,32
BRDA:745,116,0,32
BRDA:745,116,1,4
BRDA:745,116,2,3
BRDA:745,116,3,0
BRDA:747,117,0,26
BRDA:747,117,1,6
BRDA:747,118,0,32
BRDA:747,118,1,26
BRDA:748,119,0,30
BRDA:748,119,1,2
BRDA:749,120,0,29
BRDA:749,120,1,3
BRDA:749,121,0,32
BRDA:749,121,1,32
BRDA:751,122,0,32
BRDA:751,122,1,28
BRDA:752,123,0,32
BRDA:752,123,1,0
BRDA:754,124,0,32
BRDA:754,124,1,0
BRDA:848,125,0,57
BRDA:848,125,1,40
BRDA:849,126,0,10
BRDA:849,126,1,87
BRDA:902,127,0,184
BRDA:902,127,1,0
BRDA:903,128,0,1
BRDA:903,128,1,183
BRDA:906,129,0,1
BRDA:906,129,1,183
BRDA:907,130,0,1
BRDA:907,130,1,183
BRDA:933,131,0,1
BRDA:933,131,1,0
BRDA:934,132,0,1
BRDA:934,132,1,0
BRDA:935,133,0,1
BRDA:935,133,1,0
BRDA:936,134,0,1
BRDA:936,134,1,0
BRDA:937,135,0,1
BRDA:937,135,1,1
BRDA:937,135,2,1
BRDA:945,136,0,0
BRDA:945,136,1,0
BRDA:949,137,0,1
BRDA:949,137,1,0
BRDA:973,138,0,13
BRDA:973,138,1,2
BRDA:975,139,0,0
BRDA:975,139,1,13
BRDA:976,140,0,0
BRDA:976,140,1,13
BRDA:976,141,0,13
BRDA:976,141,1,13
BRDA:977,142,0,0
BRDA:977,142,1,13
BRDA:978,143,0,0
BRDA:978,143,1,13
BRDA:978,144,0,13
BRDA:978,144,1,2
BRDA:986,145,0,13
BRDA:986,145,1,2
BRDA:987,146,0,13
BRDA:987,146,1,2
BRDA:988,147,0,13
BRDA:988,147,1,13
BRDA:988,147,2,1
BRDA:989,148,0,13
BRDA:989,148,1,1
BRDA:992,149,0,1
BRDA:992,149,1,12
BRDA:1029,150,0,45
BRDA:1029,150,1,2
BRDA:1030,151,0,39
BRDA:1030,151,1,8
BRDA:1045,152,0,45
BRDA:1045,152,1,2
BRDA:1052,153,0,47
BRDA:1052,153,1,0
BRDA:1053,154,0,47
BRDA:1053,154,1,37
BRDA:1054,155,0,45
BRDA:1054,155,1,2
BRDA:1078,156,0,47
BRDA:1078,156,1,47
BRDA:1114,157,0,0
BRDA:1114,157,1,0
BRDA:1119,158,0,0
BRDA:1119,158,1,0
BRDA:1119,159,0,0
BRDA:1119,159,1,0
BRDA:1127,160,0,25
BRDA:1127,160,1,22
BRDA:1141,161,0,32
BRDA:1141,161,1,30
BRDA:1183,162,0,86
BRDA:1183,162,1,30
BRDA:1217,163,0,0
BRDA:1217,163,1,0
BRDA:1222,164,0,0
BRDA:1222,164,1,0
BRDA:1222,165,0,0
BRDA:1222,165,1,0
BRDA:1230,166,0,2
BRDA:1230,166,1,121
BRDA:1248,167,0,121
BRDA:1248,167,1,0
BRDA:1252,168,0,11
BRDA:1252,168,1,6
BRDA:1253,169,0,5
BRDA:1253,169,1,6
BRDA:1283,170,0,113
BRDA:1283,170,1,8
BRDA:1290,171,0,0
BRDA:1290,171,1,120
BRDA:1292,172,0,120
BRDA:1292,172,1,112
BRDA:1297,173,0,2
BRDA:1297,173,1,5
BRDA:1321,174,0,8
BRDA:1321,174,1,112
BRDA:1333,175,0,0
BRDA:1333,175,1,154
BRDA:1333,176,0,154
BRDA:1333,176,1,154
BRDA:1333,176,2,154
BRDA:1333,176,3,154
BRDA:1333,176,4,154
BRDA:1333,176,5,154
BRDA:1333,176,6,154
BRDA:1340,177,0,154
BRDA:1340,177,1,0
BRDA:1348,178,0,154
BRDA:1348,178,1,0
BRDA:1354,179,0,0
BRDA:1354,179,1,616
BRDA:1363,180,0,154
BRDA:1363,180,1,0
BRDA:1380,181,0,154
BRDA:1380,181,1,154
BRDA:1380,181,2,154
BRDA:1381,182,0,0
BRDA:1381,182,1,154
BRDA:1381,183,0,154
BRDA:1381,183,1,0
BRDA:1381,183,2,0
BRDA:1381,183,3,0
BRDA:1411,184,0,79
BRDA:1411,184,1,42
BRDA:1412,185,0,41
BRDA:1412,185,1,80
BRDA:1426,186,0,0
BRDA:1426,186,1,121
BRDA:1430,187,0,121
BRDA:1430,187,1,0
BRDA:1432,188,0,84
BRDA:1432,188,1,84
BRDA:1440,189,0,121
BRDA:1440,189,1,0
BRDA:1441,190,0,36
BRDA:1441,190,1,36
BRDA:1445,191,0,28
BRDA:1445,191,1,5
BRDA:1445,192,0,33
BRDA:1445,192,1,28
BRDA:1447,193,0,5
BRDA:1447,193,1,5
BRDA:1447,193,2,5
BRDA:1453,194,0,33
BRDA:1453,194,1,0
BRDA:1461,195,0,34
BRDA:1461,195,1,9
BRDA:1462,196,0,3
BRDA:1462,196,1,6
BRDA:1463,197,0,0
BRDA:1463,197,1,3
BRDA:1478,198,0,40
BRDA:1478,198,1,81
BRDA:1489,199,0,33
BRDA:1489,199,1,84
BRF:417
BRH:324
end_of_record
TN:
SF:modules\state-store.js
FN:3,(anonymous_0)
FN:30,loadState
FN:51,persistState
FN:55,identityReducer
FN:59,createStore
FN:62,applyState
FN:69,(anonymous_6)
FN:72,(anonymous_7)
FN:75,(anonymous_8)
FN:79,(anonymous_9)
FNF:10
FNH:9
FNDA:56,(anonymous_0)
FNDA:36,loadState
FNDA:204,persistState
FNDA:0,identityReducer
FNDA:34,createStore
FNDA:202,applyState
FNDA:34,(anonymous_6)
FNDA:1,(anonymous_7)
FNDA:201,(anonymous_8)
FNDA:1,(anonymous_9)
DA:1,44
DA:3,56
DA:31,36
DA:32,36
DA:34,3
DA:35,3
DA:36,3
DA:38,3
DA:47,1
DA:52,204
DA:56,0
DA:60,34
DA:63,202
DA:64,202
DA:65,202
DA:68,34
DA:70,34
DA:73,1
DA:76,201
DA:77,201
DA:80,1
LF:21
LH:20
BRDA:32,0,0,33
BRDA:32,0,1,3
BRDA:41,1,0,0
BRDA:41,1,1,2
BRDA:42,2,0,36
BRDA:42,2,1,0
BRDA:43,3,0,36
BRDA:43,3,1,2
BRDA:44,4,0,36
BRDA:44,4,1,2
BRDA:59,5,0,34
BRDA:59,6,0,34
BRF:12
BRH:10
end_of_record
TN:
SF:modules\theme-manager.js
FN:1,normalizeThemeMode
FN:5,createThemeManager
FN:9,applyTheme
FN:21,initSystemTheme
FN:30,(anonymous_4)
FN:43,dispose
FNF:6
FNH:5
FNDA:112,normalizeThemeMode
FNDA:36,createThemeManager
FNDA:73,applyTheme
FNDA:37,initSystemTheme
FNDA:0,(anonymous_4)
FNDA:35,dispose
DA:2,112
DA:6,36
DA:7,36
DA:10,73
DA:11,73
DA:13,73
DA:14,72
DA:15,72
DA:18,73
DA:22,37
DA:23,1
DA:24,1
DA:27,36
DA:28,36
DA:30,36
DA:31,0
DA:32,0
DA:36,36
DA:37,35
DA:38,1
DA:39,1
DA:44,35
DA:46,35
DA:47,34
DA:48,1
DA:49,1
DA:52,35
DA:53,35
DA:56,36
LF:29
LH:27
BRDA:2,0,0,109
BRDA:2,0,1,3
BRDA:9,1,0,73
BRDA:13,2,0,72
BRDA:13,2,1,1
BRDA:14,3,0,72
BRDA:14,3,1,72
BRDA:15,4,0,2
BRDA:15,4,1,70
BRDA:22,5,0,1
BRDA:22,5,1,36
BRDA:31,6,0,0
BRDA:31,6,1,0
BRDA:36,7,0,35
BRDA:36,7,1,1
BRDA:38,8,0,1
BRDA:38,8,1,0
BRDA:44,9,0,0
BRDA:44,9,1,35
BRDA:44,10,0,35
BRDA:44,10,1,35
BRDA:46,11,0,34
BRDA:46,11,1,1
BRDA:48,12,0,1
BRDA:48,12,1,0
BRF:25
BRH:20
end_of_record
TN:
SF:modules\timer-manager.js
FN:4,toClock
FN:12,createTimerManager
FN:17,renderTimer
FN:36,stopInterval
FN:41,ensureInterval
FN:46,startTimer
FN:85,stopTimer
FN:121,getElapsed
FN:128,setSelectedDetailPlan
FN:136,startTimerForDetailPlan
FN:164,addManualSession
FN:193,updateTrackedSession
FN:201,(anonymous_12)
FN:240,syncFromState
FN:250,dispose
FNF:15
FNH:14
FNDA:192,toClock
FNDA:41,createTimerManager
FNDA:346,renderTimer
FNDA:80,stopInterval
FNDA:6,ensureInterval
FNDA:2,startTimer
FNDA:4,stopTimer
FNDA:0,getElapsed
FNDA:1,setSelectedDetailPlan
FNDA:4,startTimerForDetailPlan
FNDA:3,addManualSession
FNDA:2,updateTrackedSession
FNDA:2,(anonymous_12)
FNDA:37,syncFromState
FNDA:34,dispose
DA:5,192
DA:6,192
DA:7,192
DA:8,192
DA:9,192
DA:13,41
DA:14,41
DA:15,41
DA:18,346
DA:19,346
DA:21,345
DA:22,345
DA:23,153
DA:24,153
DA:28,192
DA:29,0
DA:31,192
DA:33,192
DA:37,80
DA:38,80
DA:42,6
DA:43,6
DA:47,2
DA:48,2
DA:50,1
DA:52,0
DA:53,0
DA:55,0
DA:56,0
DA:57,0
DA:59,0
DA:60,0
DA:67,0
DA:70,1
DA:71,1
DA:72,1
DA:80,1
DA:81,1
DA:82,1
DA:86,4
DA:87,4
DA:89,4
DA:90,4
DA:91,4
DA:92,4
DA:93,4
DA:94,4
DA:95,4
DA:96,4
DA:98,4
DA:107,4
DA:109,4
DA:110,4
DA:113,4
DA:114,4
DA:115,4
DA:116,4
DA:117,4
DA:122,0
DA:123,0
DA:124,0
DA:125,0
DA:129,1
DA:133,1
DA:137,4
DA:138,4
DA:140,4
DA:141,2
DA:142,2
DA:147,4
DA:151,4
DA:158,4
DA:159,4
DA:160,4
DA:161,4
DA:165,3
DA:166,3
DA:167,3
DA:168,0
DA:171,3
DA:172,3
DA:173,3
DA:174,0
DA:177,3
DA:178,3
DA:187,3
DA:188,3
DA:189,3
DA:190,3
DA:194,2
DA:195,2
DA:196,2
DA:197,2
DA:198,0
DA:201,2
DA:202,2
DA:203,0
DA:206,2
DA:207,2
DA:208,2
DA:209,0
DA:212,2
DA:213,2
DA:214,0
DA:216,2
DA:224,2
DA:225,2
DA:234,2
DA:235,2
DA:236,2
DA:237,2
DA:241,37
DA:242,37
DA:243,1
DA:245,36
DA:247,37
DA:251,34
DA:255,41
DA:256,41
DA:257,41
DA:259,41
LF:121
LH:102
BRDA:19,0,0,1
BRDA:19,0,1,345
BRDA:22,1,0,153
BRDA:22,1,1,192
BRDA:28,2,0,0
BRDA:28,2,1,192
BRDA:46,3,0,2
BRDA:48,4,0,1
BRDA:48,4,1,1
BRDA:48,5,0,2
BRDA:48,5,1,1
BRDA:50,6,0,0
BRDA:50,6,1,1
BRDA:53,7,0,0
BRDA:53,7,1,0
BRDA:57,8,0,0
BRDA:57,8,1,0
BRDA:64,9,0,0
BRDA:64,9,1,0
BRDA:76,10,0,1
BRDA:76,10,1,1
BRDA:85,11,0,4
BRDA:87,12,0,0
BRDA:87,12,1,4
BRDA:90,13,0,4
BRDA:90,13,1,1
BRDA:91,14,0,4
BRDA:91,14,1,2
BRDA:95,15,0,0
BRDA:95,15,1,4
BRDA:104,16,0,4
BRDA:104,16,1,0
BRDA:109,17,0,4
BRDA:109,17,1,0
BRDA:109,18,0,4
BRDA:109,18,1,4
BRDA:123,19,0,0
BRDA:123,19,1,0
BRDA:124,20,0,0
BRDA:124,20,1,0
BRDA:131,21,0,1
BRDA:131,21,1,0
BRDA:137,22,0,4
BRDA:137,22,1,0
BRDA:140,23,0,2
BRDA:140,23,1,2
BRDA:141,24,0,2
BRDA:141,24,1,0
BRDA:165,25,0,3
BRDA:165,25,1,0
BRDA:167,26,0,0
BRDA:167,26,1,3
BRDA:167,27,0,3
BRDA:167,27,1,3
BRDA:167,27,2,3
BRDA:173,28,0,0
BRDA:173,28,1,3
BRDA:183,29,0,3
BRDA:183,29,1,0
BRDA:184,30,0,3
BRDA:184,30,1,1
BRDA:194,31,0,2
BRDA:194,31,1,0
BRDA:195,32,0,2
BRDA:195,32,1,0
BRDA:197,33,0,0
BRDA:197,33,1,2
BRDA:197,34,0,2
BRDA:197,34,1,2
BRDA:197,34,2,2
BRDA:197,34,3,2
BRDA:202,35,0,0
BRDA:202,35,1,2
BRDA:208,36,0,0
BRDA:208,36,1,2
BRDA:213,37,0,0
BRDA:213,37,1,2
BRDA:230,38,0,2
BRDA:230,38,1,0
BRDA:231,39,0,2
BRDA:231,39,1,1
BRDA:242,40,0,1
BRDA:242,40,1,36
BRDA:255,41,0,41
BRDA:255,41,1,0
BRF:85
BRH:54
end_of_record
